 #############################################################################################################
 1. Обновление версии всех библиотек в проекте и их вывод

 a.--- Вывод доступных обновлений конфигураций -

[INFO] Scanning for projects...
[WARNING]
[WARNING] Some problems were encountered while building the effective model for org.example:automation_java:jar:1.0-SNAPSHOT
[WARNING] 'dependencies.dependency.(groupId:artifactId:type:classifier)' must be unique: org.testng:testng:jar -> duplicate declaration of version 7.8.0 @ line 43, column 21
[WARNING]
[WARNING] It is highly recommended to fix these problems because they threaten the stability of your build.
[WARNING]
[WARNING] For this reason, future Maven versions might no longer support building such malformed projects.
[WARNING]
Downloading from central: https://repo.maven.apache.org/maven2/org/apache/maven/plugins/maven-resources-plugin/3.3.1/maven-resources-plugin-3.3.1.pom
Downloaded from central: https://repo.maven.apache.org/maven2/org/apache/maven/plugins/maven-resources-plugin/3.3.1/maven-resources-plugin-3.3.1.pom (8.2 kB at 7.1 kB/s)
Downloading from central: https://repo.maven.apache.org/maven2/org/apache/maven/plugins/maven-resources-plugin/3.3.1/maven-resources-plugin-3.3.1.jar
Downloaded from central: https://repo.maven.apache.org/maven2/org/apache/maven/plugins/maven-resources-plugin/3.3.1/maven-resources-plugin-3.3.1.jar (31 kB at 258 kB/s)
Downloading from central: https://repo.maven.apache.org/maven2/org/apache/maven/plugins/maven-compiler-plugin/3.11.0/maven-compiler-plugin-3.11.0.pom
Downloaded from central: https://repo.maven.apache.org/maven2/org/apache/maven/plugins/maven-compiler-plugin/3.11.0/maven-compiler-plugin-3.11.0.pom (9.8 kB at 189 kB/s)
Downloading from central: https://repo.maven.apache.org/maven2/org/apache/maven/plugins/maven-compiler-plugin/3.11.0/maven-compiler-plugin-3.11.0.jar
Downloaded from central: https://repo.maven.apache.org/maven2/org/apache/maven/plugins/maven-compiler-plugin/3.11.0/maven-compiler-plugin-3.11.0.jar (66 kB at 864 kB/s)
Downloading from central: https://repo.maven.apache.org/maven2/org/apache/maven/plugins/maven-surefire-plugin/3.2.2/maven-surefire-plugin-3.2.2.pom
Downloaded from central: https://repo.maven.apache.org/maven2/org/apache/maven/plugins/maven-surefire-plugin/3.2.2/maven-surefire-plugin-3.2.2.pom (5.1 kB at 126 kB/s)
Downloading from central: https://repo.maven.apache.org/maven2/org/apache/maven/surefire/surefire/3.2.2/surefire-3.2.2.pom
Downloaded from central: https://repo.maven.apache.org/maven2/org/apache/maven/surefire/surefire/3.2.2/surefire-3.2.2.pom (21 kB at 534 kB/s)
Downloading from central: https://repo.maven.apache.org/maven2/org/apache/maven/maven-parent/40/maven-parent-40.pom
Downloaded from central: https://repo.maven.apache.org/maven2/org/apache/maven/maven-parent/40/maven-parent-40.pom (49 kB at 1.1 MB/s)
Downloading from central: https://repo.maven.apache.org/maven2/org/apache/apache/30/apache-30.pom
Downloaded from central: https://repo.maven.apache.org/maven2/org/apache/apache/30/apache-30.pom (23 kB at 596 kB/s)
Downloading from central: https://repo.maven.apache.org/maven2/org/junit/junit-bom/5.9.3/junit-bom-5.9.3.pom
Downloaded from central: https://repo.maven.apache.org/maven2/org/junit/junit-bom/5.9.3/junit-bom-5.9.3.pom (5.6 kB at 156 kB/s)
Downloading from central: https://repo.maven.apache.org/maven2/org/apache/maven/plugins/maven-surefire-plugin/3.2.2/maven-surefire-plugin-3.2.2.jar
Downloaded from central: https://repo.maven.apache.org/maven2/org/apache/maven/plugins/maven-surefire-plugin/3.2.2/maven-surefire-plugin-3.2.2.jar (45 kB at 1.0 MB/s)
Downloading from central: https://repo.maven.apache.org/maven2/org/apache/maven/plugins/maven-install-plugin/3.1.1/maven-install-plugin-3.1.1.pom
Downloaded from central: https://repo.maven.apache.org/maven2/org/apache/maven/plugins/maven-install-plugin/3.1.1/maven-install-plugin-3.1.1.pom (7.8 kB at 186 kB/s)
Downloading from central: https://repo.maven.apache.org/maven2/org/apache/maven/plugins/maven-install-plugin/3.1.1/maven-install-plugin-3.1.1.jar
Downloaded from central: https://repo.maven.apache.org/maven2/org/apache/maven/plugins/maven-install-plugin/3.1.1/maven-install-plugin-3.1.1.jar (31 kB at 762 kB/s)
Downloading from central: https://repo.maven.apache.org/maven2/org/apache/maven/plugins/maven-deploy-plugin/3.1.1/maven-deploy-plugin-3.1.1.pom
Downloaded from central: https://repo.maven.apache.org/maven2/org/apache/maven/plugins/maven-deploy-plugin/3.1.1/maven-deploy-plugin-3.1.1.pom (8.9 kB at 211 kB/s)
Downloading from central: https://repo.maven.apache.org/maven2/org/apache/maven/plugins/maven-deploy-plugin/3.1.1/maven-deploy-plugin-3.1.1.jar
Downloaded from central: https://repo.maven.apache.org/maven2/org/apache/maven/plugins/maven-deploy-plugin/3.1.1/maven-deploy-plugin-3.1.1.jar (39 kB at 891 kB/s)
Downloading from central: https://repo.maven.apache.org/maven2/org/apache/maven/plugins/maven-antrun-plugin/3.1.0/maven-antrun-plugin-3.1.0.pom
Downloaded from central: https://repo.maven.apache.org/maven2/org/apache/maven/plugins/maven-antrun-plugin/3.1.0/maven-antrun-plugin-3.1.0.pom (9.1 kB at 233 kB/s)
Downloading from central: https://repo.maven.apache.org/maven2/org/apache/maven/plugins/maven-antrun-plugin/3.1.0/maven-antrun-plugin-3.1.0.jar
Downloaded from central: https://repo.maven.apache.org/maven2/org/apache/maven/plugins/maven-antrun-plugin/3.1.0/maven-antrun-plugin-3.1.0.jar (41 kB at 958 kB/s)
Downloading from central: https://repo.maven.apache.org/maven2/org/apache/maven/plugins/maven-assembly-plugin/3.6.0/maven-assembly-plugin-3.6.0.pom
Downloaded from central: https://repo.maven.apache.org/maven2/org/apache/maven/plugins/maven-assembly-plugin/3.6.0/maven-assembly-plugin-3.6.0.pom (15 kB at 379 kB/s)
Downloading from central: https://repo.maven.apache.org/maven2/org/apache/maven/plugins/maven-assembly-plugin/3.6.0/maven-assembly-plugin-3.6.0.jar
Downloaded from central: https://repo.maven.apache.org/maven2/org/apache/maven/plugins/maven-assembly-plugin/3.6.0/maven-assembly-plugin-3.6.0.jar (236 kB at 3.1 MB/s)
Downloading from central: https://repo.maven.apache.org/maven2/org/apache/maven/plugins/maven-dependency-plugin/3.6.1/maven-dependency-plugin-3.6.1.pom
Downloaded from central: https://repo.maven.apache.org/maven2/org/apache/maven/plugins/maven-dependency-plugin/3.6.1/maven-dependency-plugin-3.6.1.pom (18 kB at 475 kB/s)
Downloading from central: https://repo.maven.apache.org/maven2/org/apache/maven/plugins/maven-plugins/40/maven-plugins-40.pom
Downloaded from central: https://repo.maven.apache.org/maven2/org/apache/maven/plugins/maven-plugins/40/maven-plugins-40.pom (8.1 kB at 207 kB/s)
Downloading from central: https://repo.maven.apache.org/maven2/org/apache/maven/plugins/maven-dependency-plugin/3.6.1/maven-dependency-plugin-3.6.1.jar
Downloaded from central: https://repo.maven.apache.org/maven2/org/apache/maven/plugins/maven-dependency-plugin/3.6.1/maven-dependency-plugin-3.6.1.jar (191 kB at 3.3 MB/s)
Downloading from central: https://repo.maven.apache.org/maven2/org/apache/maven/plugins/maven-release-plugin/3.0.1/maven-release-plugin-3.0.1.pom
Downloaded from central: https://repo.maven.apache.org/maven2/org/apache/maven/plugins/maven-release-plugin/3.0.1/maven-release-plugin-3.0.1.pom (9.8 kB at 259 kB/s)
Downloading from central: https://repo.maven.apache.org/maven2/org/apache/maven/release/maven-release/3.0.1/maven-release-3.0.1.pom
Downloaded from central: https://repo.maven.apache.org/maven2/org/apache/maven/release/maven-release/3.0.1/maven-release-3.0.1.pom (11 kB at 280 kB/s)
Downloading from central: https://repo.maven.apache.org/maven2/org/apache/maven/plugins/maven-release-plugin/3.0.1/maven-release-plugin-3.0.1.jar
Downloaded from central: https://repo.maven.apache.org/maven2/org/apache/maven/plugins/maven-release-plugin/3.0.1/maven-release-plugin-3.0.1.jar (61 kB at 1.3 MB/s)
Downloading from central: https://repo.maven.apache.org/maven2/org/apache/maven/plugins/maven-metadata.xml
Downloading from central: https://repo.maven.apache.org/maven2/org/codehaus/mojo/maven-metadata.xml
Downloaded from central: https://repo.maven.apache.org/maven2/org/apache/maven/plugins/maven-metadata.xml (14 kB at 250 kB/s)
Downloaded from central: https://repo.maven.apache.org/maven2/org/codehaus/mojo/maven-metadata.xml (21 kB at 138 kB/s)
Downloading from central: https://repo.maven.apache.org/maven2/org/codehaus/mojo/versions-maven-plugin/maven-metadata.xml
Downloaded from central: https://repo.maven.apache.org/maven2/org/codehaus/mojo/versions-maven-plugin/maven-metadata.xml (1.2 kB at 31 kB/s)
Downloading from central: https://repo.maven.apache.org/maven2/org/codehaus/mojo/versions-maven-plugin/2.16.2/versions-maven-plugin-2.16.2.pom
Downloaded from central: https://repo.maven.apache.org/maven2/org/codehaus/mojo/versions-maven-plugin/2.16.2/versions-maven-plugin-2.16.2.pom (10.0 kB at 243 kB/s)
Downloading from central: https://repo.maven.apache.org/maven2/org/codehaus/mojo/versions/versions/2.16.2/versions-2.16.2.pom
Downloaded from central: https://repo.maven.apache.org/maven2/org/codehaus/mojo/versions/versions/2.16.2/versions-2.16.2.pom (13 kB at 300 kB/s)
Downloading from central: https://repo.maven.apache.org/maven2/org/codehaus/mojo/mojo-parent/77/mojo-parent-77.pom
Downloaded from central: https://repo.maven.apache.org/maven2/org/codehaus/mojo/mojo-parent/77/mojo-parent-77.pom (36 kB at 711 kB/s)
Downloading from central: https://repo.maven.apache.org/maven2/org/junit/junit-bom/5.10.0/junit-bom-5.10.0.pom
Downloaded from central: https://repo.maven.apache.org/maven2/org/junit/junit-bom/5.10.0/junit-bom-5.10.0.pom (5.6 kB at 157 kB/s)
Downloading from central: https://repo.maven.apache.org/maven2/org/codehaus/mojo/versions-maven-plugin/2.16.2/versions-maven-plugin-2.16.2.jar
Downloaded from central: https://repo.maven.apache.org/maven2/org/codehaus/mojo/versions-maven-plugin/2.16.2/versions-maven-plugin-2.16.2.jar (291 kB at 2.4 MB/s)
[INFO]
[INFO] --------------------< org.example:automation_java >---------------------
[INFO] Building automation_java 1.0-SNAPSHOT
[INFO]   from pom.xml
[INFO] --------------------------------[ jar ]---------------------------------
[INFO]
[INFO] --- versions:2.16.2:display-dependency-updates (default-cli) @ automation_java ---
Downloading from central: https://repo.maven.apache.org/maven2/org/codehaus/mojo/versions/versions-model/2.16.2/versions-model-2.16.2.pom
Downloaded from central: https://repo.maven.apache.org/maven2/org/codehaus/mojo/versions/versions-model/2.16.2/versions-model-2.16.2.pom (2.4 kB at 36 kB/s)
Downloading from central: https://repo.maven.apache.org/maven2/org/codehaus/plexus/plexus-utils/4.0.0/plexus-utils-4.0.0.pom
Downloaded from central: https://repo.maven.apache.org/maven2/org/codehaus/plexus/plexus-utils/4.0.0/plexus-utils-4.0.0.pom (8.7 kB at 240 kB/s)
Downloading from central: https://repo.maven.apache.org/maven2/org/codehaus/plexus/plexus/13/plexus-13.pom
Downloaded from central: https://repo.maven.apache.org/maven2/org/codehaus/plexus/plexus/13/plexus-13.pom (27 kB at 740 kB/s)
Downloading from central: https://repo.maven.apache.org/maven2/org/codehaus/plexus/plexus-xml/3.0.0/plexus-xml-3.0.0.pom
Downloaded from central: https://repo.maven.apache.org/maven2/org/codehaus/plexus/plexus-xml/3.0.0/plexus-xml-3.0.0.pom (3.7 kB at 107 kB/s)
Downloading from central: https://repo.maven.apache.org/maven2/org/codehaus/mojo/versions/versions-model-report/2.16.2/versions-model-report-2.16.2.pom
Downloaded from central: https://repo.maven.apache.org/maven2/org/codehaus/mojo/versions/versions-model-report/2.16.2/versions-model-report-2.16.2.pom (2.6 kB at 76 kB/s)
Downloading from central: https://repo.maven.apache.org/maven2/org/codehaus/mojo/versions/versions-common/2.16.2/versions-common-2.16.2.pom
Downloaded from central: https://repo.maven.apache.org/maven2/org/codehaus/mojo/versions/versions-common/2.16.2/versions-common-2.16.2.pom (4.6 kB at 110 kB/s)
Downloading from central: https://repo.maven.apache.org/maven2/org/codehaus/mojo/versions/versions-api/2.16.2/versions-api-2.16.2.pom
Downloaded from central: https://repo.maven.apache.org/maven2/org/codehaus/mojo/versions/versions-api/2.16.2/versions-api-2.16.2.pom (568 B at 13 kB/s)
Downloading from central: https://repo.maven.apache.org/maven2/org/apache/maven/wagon/wagon-provider-api/3.5.3/wagon-provider-api-3.5.3.pom
Downloaded from central: https://repo.maven.apache.org/maven2/org/apache/maven/wagon/wagon-provider-api/3.5.3/wagon-provider-api-3.5.3.pom (1.9 kB at 53 kB/s)
Downloading from central: https://repo.maven.apache.org/maven2/org/apache/maven/wagon/wagon/3.5.3/wagon-3.5.3.pom
Downloaded from central: https://repo.maven.apache.org/maven2/org/apache/maven/wagon/wagon/3.5.3/wagon-3.5.3.pom (21 kB at 530 kB/s)
Downloading from central: https://repo.maven.apache.org/maven2/com/fasterxml/woodstox/woodstox-core/6.5.1/woodstox-core-6.5.1.pom
Downloaded from central: https://repo.maven.apache.org/maven2/com/fasterxml/woodstox/woodstox-core/6.5.1/woodstox-core-6.5.1.pom (9.6 kB at 259 kB/s)
Downloading from central: https://repo.maven.apache.org/maven2/com/fasterxml/oss-parent/50/oss-parent-50.pom
Downloaded from central: https://repo.maven.apache.org/maven2/com/fasterxml/oss-parent/50/oss-parent-50.pom (24 kB at 621 kB/s)
Downloading from central: https://repo.maven.apache.org/maven2/org/codehaus/woodstox/stax2-api/4.2.1/stax2-api-4.2.1.pom
Downloaded from central: https://repo.maven.apache.org/maven2/org/codehaus/woodstox/stax2-api/4.2.1/stax2-api-4.2.1.pom (6.3 kB at 157 kB/s)
Downloading from central: https://repo.maven.apache.org/maven2/com/fasterxml/oss-parent/38/oss-parent-38.pom
Downloaded from central: https://repo.maven.apache.org/maven2/com/fasterxml/oss-parent/38/oss-parent-38.pom (23 kB at 470 kB/s)
Downloading from central: https://repo.maven.apache.org/maven2/org/apache/commons/commons-lang3/3.13.0/commons-lang3-3.13.0.pom
Downloaded from central: https://repo.maven.apache.org/maven2/org/apache/commons/commons-lang3/3.13.0/commons-lang3-3.13.0.pom (31 kB at 815 kB/s)
Downloading from central: https://repo.maven.apache.org/maven2/org/apache/commons/commons-parent/58/commons-parent-58.pom
Downloaded from central: https://repo.maven.apache.org/maven2/org/apache/commons/commons-parent/58/commons-parent-58.pom (83 kB at 2.1 MB/s)
Downloading from central: https://repo.maven.apache.org/maven2/org/apache/commons/commons-collections4/4.4/commons-collections4-4.4.pom
Downloaded from central: https://repo.maven.apache.org/maven2/org/apache/commons/commons-collections4/4.4/commons-collections4-4.4.pom (24 kB at 643 kB/s)
Downloading from central: https://repo.maven.apache.org/maven2/org/apache/maven/reporting/maven-reporting-impl/3.2.0/maven-reporting-impl-3.2.0.pom
Downloaded from central: https://repo.maven.apache.org/maven2/org/apache/maven/reporting/maven-reporting-impl/3.2.0/maven-reporting-impl-3.2.0.pom (7.6 kB at 190 kB/s)
Downloading from central: https://repo.maven.apache.org/maven2/org/apache/maven/doxia/doxia-sink-api/1.12.0/doxia-sink-api-1.12.0.pom
Downloaded from central: https://repo.maven.apache.org/maven2/org/apache/maven/doxia/doxia-sink-api/1.12.0/doxia-sink-api-1.12.0.pom (1.5 kB at 41 kB/s)
Downloading from central: https://repo.maven.apache.org/maven2/org/apache/maven/doxia/doxia/1.12.0/doxia-1.12.0.pom
Downloaded from central: https://repo.maven.apache.org/maven2/org/apache/maven/doxia/doxia/1.12.0/doxia-1.12.0.pom (18 kB at 475 kB/s)
Downloading from central: https://repo.maven.apache.org/maven2/org/apache/maven/doxia/doxia-logging-api/1.12.0/doxia-logging-api-1.12.0.pom
Downloaded from central: https://repo.maven.apache.org/maven2/org/apache/maven/doxia/doxia-logging-api/1.12.0/doxia-logging-api-1.12.0.pom (1.5 kB at 43 kB/s)
Downloading from central: https://repo.maven.apache.org/maven2/org/eclipse/sisu/org.eclipse.sisu.plexus/0.3.0.M1/org.eclipse.sisu.plexus-0.3.0.M1.pom
Downloaded from central: https://repo.maven.apache.org/maven2/org/eclipse/sisu/org.eclipse.sisu.plexus/0.3.0.M1/org.eclipse.sisu.plexus-0.3.0.M1.pom (4.7 kB at 58 kB/s)
Downloading from central: https://repo.maven.apache.org/maven2/org/eclipse/sisu/sisu-plexus/0.3.0.M1/sisu-plexus-0.3.0.M1.pom
Downloaded from central: https://repo.maven.apache.org/maven2/org/eclipse/sisu/sisu-plexus/0.3.0.M1/sisu-plexus-0.3.0.M1.pom (13 kB at 368 kB/s)
Downloading from central: https://repo.maven.apache.org/maven2/javax/enterprise/cdi-api/1.0/cdi-api-1.0.pom
Downloaded from central: https://repo.maven.apache.org/maven2/javax/enterprise/cdi-api/1.0/cdi-api-1.0.pom (1.4 kB at 41 kB/s)
Downloading from central: https://repo.maven.apache.org/maven2/org/jboss/weld/weld-api-parent/1.0/weld-api-parent-1.0.pom
Downloaded from central: https://repo.maven.apache.org/maven2/org/jboss/weld/weld-api-parent/1.0/weld-api-parent-1.0.pom (2.4 kB at 59 kB/s)
Downloading from central: https://repo.maven.apache.org/maven2/org/jboss/weld/weld-api-bom/1.0/weld-api-bom-1.0.pom
Downloaded from central: https://repo.maven.apache.org/maven2/org/jboss/weld/weld-api-bom/1.0/weld-api-bom-1.0.pom (7.9 kB at 193 kB/s)
Downloading from central: https://repo.maven.apache.org/maven2/org/jboss/weld/weld-parent/6/weld-parent-6.pom
Downloaded from central: https://repo.maven.apache.org/maven2/org/jboss/weld/weld-parent/6/weld-parent-6.pom (21 kB at 470 kB/s)
Downloading from central: https://repo.maven.apache.org/maven2/javax/annotation/jsr250-api/1.0/jsr250-api-1.0.pom
Downloaded from central: https://repo.maven.apache.org/maven2/javax/annotation/jsr250-api/1.0/jsr250-api-1.0.pom (1.0 kB at 27 kB/s)
Downloading from central: https://repo.maven.apache.org/maven2/org/eclipse/sisu/org.eclipse.sisu.inject/0.3.0.M1/org.eclipse.sisu.inject-0.3.0.M1.pom
Downloaded from central: https://repo.maven.apache.org/maven2/org/eclipse/sisu/org.eclipse.sisu.inject/0.3.0.M1/org.eclipse.sisu.inject-0.3.0.M1.pom (2.5 kB at 75 kB/s)
Downloading from central: https://repo.maven.apache.org/maven2/org/eclipse/sisu/sisu-inject/0.3.0.M1/sisu-inject-0.3.0.M1.pom
Downloaded from central: https://repo.maven.apache.org/maven2/org/eclipse/sisu/sisu-inject/0.3.0.M1/sisu-inject-0.3.0.M1.pom (14 kB at 408 kB/s)
Downloading from central: https://repo.maven.apache.org/maven2/commons-io/commons-io/2.15.0/commons-io-2.15.0.pom
Downloaded from central: https://repo.maven.apache.org/maven2/commons-io/commons-io/2.15.0/commons-io-2.15.0.pom (22 kB at 601 kB/s)
Downloading from central: https://repo.maven.apache.org/maven2/org/apache/commons/commons-parent/64/commons-parent-64.pom
Downloaded from central: https://repo.maven.apache.org/maven2/org/apache/commons/commons-parent/64/commons-parent-64.pom (78 kB at 1.5 MB/s)
Downloading from central: https://repo.maven.apache.org/maven2/org/apache/maven/doxia/doxia-core/1.12.0/doxia-core-1.12.0.pom
Downloaded from central: https://repo.maven.apache.org/maven2/org/apache/maven/doxia/doxia-core/1.12.0/doxia-core-1.12.0.pom (4.4 kB at 110 kB/s)
Downloading from central: https://repo.maven.apache.org/maven2/org/codehaus/plexus/plexus-component-annotations/2.1.0/plexus-component-annotations-2.1.0.pom
Downloaded from central: https://repo.maven.apache.org/maven2/org/codehaus/plexus/plexus-component-annotations/2.1.0/plexus-component-annotations-2.1.0.pom (750 B at 21 kB/s)
Downloading from central: https://repo.maven.apache.org/maven2/org/apache/commons/commons-text/1.11.0/commons-text-1.11.0.pom
Downloaded from central: https://repo.maven.apache.org/maven2/org/apache/commons/commons-text/1.11.0/commons-text-1.11.0.pom (19 kB at 515 kB/s)
Downloading from central: https://repo.maven.apache.org/maven2/commons-codec/commons-codec/1.16.0/commons-codec-1.16.0.pom
Downloaded from central: https://repo.maven.apache.org/maven2/commons-codec/commons-codec/1.16.0/commons-codec-1.16.0.pom (16 kB at 363 kB/s)
Downloading from central: https://repo.maven.apache.org/maven2/commons-beanutils/commons-beanutils/1.9.4/commons-beanutils-1.9.4.pom
Downloaded from central: https://repo.maven.apache.org/maven2/commons-beanutils/commons-beanutils/1.9.4/commons-beanutils-1.9.4.pom (18 kB at 450 kB/s)
Downloading from central: https://repo.maven.apache.org/maven2/dom4j/dom4j/1.6.1/dom4j-1.6.1.pom
Downloaded from central: https://repo.maven.apache.org/maven2/dom4j/dom4j/1.6.1/dom4j-1.6.1.pom (6.8 kB at 178 kB/s)
Downloading from central: https://repo.maven.apache.org/maven2/org/apache/maven/shared/maven-common-artifact-filters/3.3.2/maven-common-artifact-filters-3.3.2.pom
Downloaded from central: https://repo.maven.apache.org/maven2/org/apache/maven/shared/maven-common-artifact-filters/3.3.2/maven-common-artifact-filters-3.3.2.pom (5.3 kB at 151 kB/s)
Downloading from central: https://repo.maven.apache.org/maven2/org/apache/maven/shared/maven-shared-components/37/maven-shared-components-37.pom
Downloaded from central: https://repo.maven.apache.org/maven2/org/apache/maven/shared/maven-shared-components/37/maven-shared-components-37.pom (4.9 kB at 106 kB/s)
Downloading from central: https://repo.maven.apache.org/maven2/org/codehaus/plexus/plexus-interactivity-api/1.1/plexus-interactivity-api-1.1.pom
Downloaded from central: https://repo.maven.apache.org/maven2/org/codehaus/plexus/plexus-interactivity-api/1.1/plexus-interactivity-api-1.1.pom (823 B at 20 kB/s)
Downloading from central: https://repo.maven.apache.org/maven2/org/codehaus/plexus/plexus-interactivity/1.1/plexus-interactivity-1.1.pom
Downloaded from central: https://repo.maven.apache.org/maven2/org/codehaus/plexus/plexus-interactivity/1.1/plexus-interactivity-1.1.pom (1.7 kB at 49 kB/s)
Downloading from central: https://repo.maven.apache.org/maven2/org/codehaus/plexus/plexus-components/6.5/plexus-components-6.5.pom
Downloaded from central: https://repo.maven.apache.org/maven2/org/codehaus/plexus/plexus-components/6.5/plexus-components-6.5.pom (2.7 kB at 54 kB/s)
Downloading from central: https://repo.maven.apache.org/maven2/org/codehaus/mojo/versions/versions-model/2.16.2/versions-model-2.16.2.jar
Downloaded from central: https://repo.maven.apache.org/maven2/org/codehaus/mojo/versions/versions-model/2.16.2/versions-model-2.16.2.jar (13 kB at 295 kB/s)
Downloading from central: https://repo.maven.apache.org/maven2/org/codehaus/plexus/plexus-utils/4.0.0/plexus-utils-4.0.0.jar
Downloading from central: https://repo.maven.apache.org/maven2/org/codehaus/plexus/plexus-xml/3.0.0/plexus-xml-3.0.0.jar
Downloading from central: https://repo.maven.apache.org/maven2/org/codehaus/mojo/versions/versions-model-report/2.16.2/versions-model-report-2.16.2.jar
Downloading from central: https://repo.maven.apache.org/maven2/org/codehaus/mojo/versions/versions-common/2.16.2/versions-common-2.16.2.jar
Downloading from central: https://repo.maven.apache.org/maven2/org/codehaus/mojo/versions/versions-api/2.16.2/versions-api-2.16.2.jar
Downloaded from central: https://repo.maven.apache.org/maven2/org/codehaus/plexus/plexus-utils/4.0.0/plexus-utils-4.0.0.jar (192 kB at 2.4 MB/s)
Downloading from central: https://repo.maven.apache.org/maven2/org/apache/maven/wagon/wagon-provider-api/3.5.3/wagon-provider-api-3.5.3.jar
Downloaded from central: https://repo.maven.apache.org/maven2/org/codehaus/mojo/versions/versions-model-report/2.16.2/versions-model-report-2.16.2.jar (46 kB at 590 kB/s)
Downloading from central: https://repo.maven.apache.org/maven2/org/apache/commons/commons-collections4/4.4/commons-collections4-4.4.jar
Downloaded from central: https://repo.maven.apache.org/maven2/org/apache/maven/wagon/wagon-provider-api/3.5.3/wagon-provider-api-3.5.3.jar (55 kB at 452 kB/s)
Downloading from central: https://repo.maven.apache.org/maven2/org/apache/maven/reporting/maven-reporting-impl/3.2.0/maven-reporting-impl-3.2.0.jar
Downloaded from central: https://repo.maven.apache.org/maven2/org/codehaus/mojo/versions/versions-api/2.16.2/versions-api-2.16.2.jar (6.4 kB at 43 kB/s)
Downloading from central: https://repo.maven.apache.org/maven2/org/codehaus/plexus/plexus-interpolation/1.21/plexus-interpolation-1.21.jar
Downloaded from central: https://repo.maven.apache.org/maven2/org/apache/maven/reporting/maven-reporting-impl/3.2.0/maven-reporting-impl-3.2.0.jar (20 kB at 103 kB/s)
Downloading from central: https://repo.maven.apache.org/maven2/commons-io/commons-io/2.15.0/commons-io-2.15.0.jar
Downloaded from central: https://repo.maven.apache.org/maven2/org/codehaus/plexus/plexus-xml/3.0.0/plexus-xml-3.0.0.jar (93 kB at 433 kB/s)
Downloading from central: https://repo.maven.apache.org/maven2/org/apache/maven/shared/maven-common-artifact-filters/3.3.2/maven-common-artifact-filters-3.3.2.jar
Downloaded from central: https://repo.maven.apache.org/maven2/org/apache/commons/commons-collections4/4.4/commons-collections4-4.4.jar (752 kB at 3.5 MB/s)
Downloading from central: https://repo.maven.apache.org/maven2/org/apache/maven/doxia/doxia-core/1.12.0/doxia-core-1.12.0.jar
Downloaded from central: https://repo.maven.apache.org/maven2/org/codehaus/plexus/plexus-interpolation/1.21/plexus-interpolation-1.21.jar (62 kB at 280 kB/s)
Downloaded from central: https://repo.maven.apache.org/maven2/org/codehaus/mojo/versions/versions-common/2.16.2/versions-common-2.16.2.jar (168 kB at 750 kB/s)
Downloading from central: https://repo.maven.apache.org/maven2/org/codehaus/plexus/plexus-component-annotations/2.1.0/plexus-component-annotations-2.1.0.jar
Downloading from central: https://repo.maven.apache.org/maven2/org/apache/maven/doxia/doxia-logging-api/1.12.0/doxia-logging-api-1.12.0.jar
Downloaded from central: https://repo.maven.apache.org/maven2/org/apache/maven/shared/maven-common-artifact-filters/3.3.2/maven-common-artifact-filters-3.3.2.jar (58 kB at 230 kB/s)
Downloading from central: https://repo.maven.apache.org/maven2/org/apache/commons/commons-text/1.11.0/commons-text-1.11.0.jar
Downloaded from central: https://repo.maven.apache.org/maven2/org/codehaus/plexus/plexus-component-annotations/2.1.0/plexus-component-annotations-2.1.0.jar (4.2 kB at 16 kB/s)
Downloading from central: https://repo.maven.apache.org/maven2/commons-codec/commons-codec/1.16.0/commons-codec-1.16.0.jar
Downloaded from central: https://repo.maven.apache.org/maven2/org/apache/maven/doxia/doxia-logging-api/1.12.0/doxia-logging-api-1.12.0.jar (12 kB at 44 kB/s)
Downloading from central: https://repo.maven.apache.org/maven2/org/apache/maven/doxia/doxia-sink-api/1.12.0/doxia-sink-api-1.12.0.jar
Downloaded from central: https://repo.maven.apache.org/maven2/commons-io/commons-io/2.15.0/commons-io-2.15.0.jar (501 kB at 1.9 MB/s)
Downloading from central: https://repo.maven.apache.org/maven2/commons-beanutils/commons-beanutils/1.9.4/commons-beanutils-1.9.4.jar
Downloaded from central: https://repo.maven.apache.org/maven2/org/apache/maven/doxia/doxia-core/1.12.0/doxia-core-1.12.0.jar (219 kB at 712 kB/s)
Downloading from central: https://repo.maven.apache.org/maven2/dom4j/dom4j/1.6.1/dom4j-1.6.1.jar
Downloaded from central: https://repo.maven.apache.org/maven2/org/apache/commons/commons-text/1.11.0/commons-text-1.11.0.jar (247 kB at 806 kB/s)
Downloading from central: https://repo.maven.apache.org/maven2/xml-apis/xml-apis/1.0.b2/xml-apis-1.0.b2.jar
Downloaded from central: https://repo.maven.apache.org/maven2/org/apache/maven/doxia/doxia-sink-api/1.12.0/doxia-sink-api-1.12.0.jar (12 kB at 38 kB/s)
Downloading from central: https://repo.maven.apache.org/maven2/org/codehaus/plexus/plexus-interactivity-api/1.1/plexus-interactivity-api-1.1.jar
Downloaded from central: https://repo.maven.apache.org/maven2/commons-beanutils/commons-beanutils/1.9.4/commons-beanutils-1.9.4.jar (247 kB at 712 kB/s)
Downloading from central: https://repo.maven.apache.org/maven2/com/fasterxml/woodstox/woodstox-core/6.5.1/woodstox-core-6.5.1.jar
Downloaded from central: https://repo.maven.apache.org/maven2/org/codehaus/plexus/plexus-interactivity-api/1.1/plexus-interactivity-api-1.1.jar (9.4 kB at 27 kB/s)
Downloading from central: https://repo.maven.apache.org/maven2/org/codehaus/woodstox/stax2-api/4.2.1/stax2-api-4.2.1.jar
Downloaded from central: https://repo.maven.apache.org/maven2/xml-apis/xml-apis/1.0.b2/xml-apis-1.0.b2.jar (109 kB at 311 kB/s)
Downloading from central: https://repo.maven.apache.org/maven2/org/apache/commons/commons-lang3/3.13.0/commons-lang3-3.13.0.jar
Downloaded from central: https://repo.maven.apache.org/maven2/dom4j/dom4j/1.6.1/dom4j-1.6.1.jar (314 kB at 872 kB/s)
Downloaded from central: https://repo.maven.apache.org/maven2/commons-codec/commons-codec/1.16.0/commons-codec-1.16.0.jar (361 kB at 902 kB/s)
Downloaded from central: https://repo.maven.apache.org/maven2/com/fasterxml/woodstox/woodstox-core/6.5.1/woodstox-core-6.5.1.jar (1.6 MB at 3.0 MB/s)
Downloaded from central: https://repo.maven.apache.org/maven2/org/codehaus/woodstox/stax2-api/4.2.1/stax2-api-4.2.1.jar (196 kB at 346 kB/s)
Downloaded from central: https://repo.maven.apache.org/maven2/org/apache/commons/commons-lang3/3.13.0/commons-lang3-3.13.0.jar (632 kB at 982 kB/s)
Downloading from central: https://repo.maven.apache.org/maven2/ch/qos/logback/logback-classic/maven-metadata.xml
Downloading from central: https://repo.maven.apache.org/maven2/org/testng/testng/maven-metadata.xml
Downloading from central: https://repo.maven.apache.org/maven2/org/seleniumhq/selenium/selenium-java/maven-metadata.xml
Downloading from central: https://repo.maven.apache.org/maven2/org/slf4j/slf4j-api/maven-metadata.xml
Downloaded from central: https://repo.maven.apache.org/maven2/org/slf4j/slf4j-api/maven-metadata.xml (3.5 kB at 58 kB/s)
Downloaded from central: https://repo.maven.apache.org/maven2/org/seleniumhq/selenium/selenium-java/maven-metadata.xml (5.1 kB at 85 kB/s)
Downloaded from central: https://repo.maven.apache.org/maven2/org/testng/testng/maven-metadata.xml (2.9 kB at 48 kB/s)
Downloaded from central: https://repo.maven.apache.org/maven2/ch/qos/logback/logback-classic/maven-metadata.xml (4.5 kB at 73 kB/s)
[INFO] The following dependencies in Dependencies have newer versions:
[INFO]   ch.qos.logback:logback-classic ...................... 1.4.11 -> 1.4.14
[INFO]   org.seleniumhq.selenium:selenium-java ............... 4.15.0 -> 4.16.1
[INFO]
[INFO] ------------------------------------------------------------------------
[INFO] BUILD SUCCESS
[INFO] ------------------------------------------------------------------------
[INFO] Total time:  9.690 s
[INFO] Finished at: 2023-12-20T18:11:33+02:00
[INFO] ------------------------------------------------------------------------












 b.--- Обновление зависимостий до последней версии без пересборки проекта - mvn clean dependency:resolve -U

[INFO] Scanning for projects...
[WARNING]
[WARNING] Some problems were encountered while building the effective model for org.example:automation_java:jar:1.0-SNAPSHOT
[WARNING] 'dependencies.dependency.(groupId:artifactId:type:classifier)' must be unique: org.testng:testng:jar -> duplicate declaration of version 7.8.0 @ line 43, column 21
[WARNING]
[WARNING] It is highly recommended to fix these problems because they threaten the stability of your build.
[WARNING]
[WARNING] For this reason, future Maven versions might no longer support building such malformed projects.
[WARNING]
[INFO]
[INFO] --------------------< org.example:automation_java >---------------------
[INFO] Building automation_java 1.0-SNAPSHOT
[INFO]   from pom.xml
[INFO] --------------------------------[ jar ]---------------------------------
[INFO]
[INFO] --- clean:3.2.0:clean (default-clean) @ automation_java ---
[INFO] Deleting /Users/nikitamiroskin/projects/Automation_Nikita_Miroshkin/target
[INFO]
[INFO] --- dependency:3.6.1:resolve (default-cli) @ automation_java ---
Downloading from central: https://repo.maven.apache.org/maven2/org/apache/maven/maven-core/3.1.0/maven-core-3.1.0.pom
Downloaded from central: https://repo.maven.apache.org/maven2/org/apache/maven/maven-core/3.1.0/maven-core-3.1.0.pom (6.9 kB at 6.7 kB/s)
Downloading from central: https://repo.maven.apache.org/maven2/org/apache/maven/maven/3.1.0/maven-3.1.0.pom
Downloaded from central: https://repo.maven.apache.org/maven2/org/apache/maven/maven/3.1.0/maven-3.1.0.pom (22 kB at 256 kB/s)
Downloading from central: https://repo.maven.apache.org/maven2/org/apache/maven/maven-model/3.1.0/maven-model-3.1.0.pom
Downloaded from central: https://repo.maven.apache.org/maven2/org/apache/maven/maven-model/3.1.0/maven-model-3.1.0.pom (3.8 kB at 88 kB/s)
Downloading from central: https://repo.maven.apache.org/maven2/org/apache/maven/maven-settings/3.1.0/maven-settings-3.1.0.pom
Downloaded from central: https://repo.maven.apache.org/maven2/org/apache/maven/maven-settings/3.1.0/maven-settings-3.1.0.pom (1.8 kB at 57 kB/s)
Downloading from central: https://repo.maven.apache.org/maven2/org/apache/maven/maven-settings-builder/3.1.0/maven-settings-builder-3.1.0.pom
Downloaded from central: https://repo.maven.apache.org/maven2/org/apache/maven/maven-settings-builder/3.1.0/maven-settings-builder-3.1.0.pom (2.3 kB at 61 kB/s)
Downloading from central: https://repo.maven.apache.org/maven2/org/codehaus/plexus/plexus-interpolation/1.16/plexus-interpolation-1.16.pom
Downloaded from central: https://repo.maven.apache.org/maven2/org/codehaus/plexus/plexus-interpolation/1.16/plexus-interpolation-1.16.pom (1.0 kB at 32 kB/s)
Downloading from central: https://repo.maven.apache.org/maven2/org/codehaus/plexus/plexus-components/1.3/plexus-components-1.3.pom
Downloaded from central: https://repo.maven.apache.org/maven2/org/codehaus/plexus/plexus-components/1.3/plexus-components-1.3.pom (3.1 kB at 70 kB/s)
Downloading from central: https://repo.maven.apache.org/maven2/org/codehaus/plexus/plexus/3.3/plexus-3.3.pom
Downloaded from central: https://repo.maven.apache.org/maven2/org/codehaus/plexus/plexus/3.3/plexus-3.3.pom (20 kB at 442 kB/s)
Downloading from central: https://repo.maven.apache.org/maven2/org/apache/maven/maven-repository-metadata/3.1.0/maven-repository-metadata-3.1.0.pom
Downloaded from central: https://repo.maven.apache.org/maven2/org/apache/maven/maven-repository-metadata/3.1.0/maven-repository-metadata-3.1.0.pom (1.9 kB at 57 kB/s)
Downloading from central: https://repo.maven.apache.org/maven2/org/apache/maven/maven-artifact/3.1.0/maven-artifact-3.1.0.pom
Downloaded from central: https://repo.maven.apache.org/maven2/org/apache/maven/maven-artifact/3.1.0/maven-artifact-3.1.0.pom (1.6 kB at 43 kB/s)
Downloading from central: https://repo.maven.apache.org/maven2/org/apache/maven/maven-plugin-api/3.1.0/maven-plugin-api-3.1.0.pom
Downloaded from central: https://repo.maven.apache.org/maven2/org/apache/maven/maven-plugin-api/3.1.0/maven-plugin-api-3.1.0.pom (3.0 kB at 92 kB/s)
Downloading from central: https://repo.maven.apache.org/maven2/org/apache/maven/maven-model-builder/3.1.0/maven-model-builder-3.1.0.pom
Downloaded from central: https://repo.maven.apache.org/maven2/org/apache/maven/maven-model-builder/3.1.0/maven-model-builder-3.1.0.pom (2.5 kB at 67 kB/s)
Downloading from central: https://repo.maven.apache.org/maven2/org/apache/maven/maven-aether-provider/3.1.0/maven-aether-provider-3.1.0.pom
Downloaded from central: https://repo.maven.apache.org/maven2/org/apache/maven/maven-aether-provider/3.1.0/maven-aether-provider-3.1.0.pom (3.5 kB at 91 kB/s)
Downloading from central: https://repo.maven.apache.org/maven2/org/codehaus/plexus/plexus-classworlds/2.4.2/plexus-classworlds-2.4.2.pom
Downloaded from central: https://repo.maven.apache.org/maven2/org/codehaus/plexus/plexus-classworlds/2.4.2/plexus-classworlds-2.4.2.pom (3.5 kB at 90 kB/s)
Downloading from central: https://repo.maven.apache.org/maven2/org/codehaus/plexus/plexus/3.0.1/plexus-3.0.1.pom
Downloaded from central: https://repo.maven.apache.org/maven2/org/codehaus/plexus/plexus/3.0.1/plexus-3.0.1.pom (19 kB at 503 kB/s)
Downloading from central: https://repo.maven.apache.org/maven2/org/apache/commons/commons-text/1.10.0/commons-text-1.10.0.pom
Downloaded from central: https://repo.maven.apache.org/maven2/org/apache/commons/commons-text/1.10.0/commons-text-1.10.0.pom (21 kB at 496 kB/s)
Downloading from central: https://repo.maven.apache.org/maven2/org/apache/commons/commons-parent/54/commons-parent-54.pom
Downloaded from central: https://repo.maven.apache.org/maven2/org/apache/commons/commons-parent/54/commons-parent-54.pom (82 kB at 1.2 MB/s)
Downloading from central: https://repo.maven.apache.org/maven2/org/junit/junit-bom/5.9.1/junit-bom-5.9.1.pom
Downloaded from central: https://repo.maven.apache.org/maven2/org/junit/junit-bom/5.9.1/junit-bom-5.9.1.pom (5.6 kB at 171 kB/s)
Downloading from central: https://repo.maven.apache.org/maven2/org/codehaus/plexus/plexus-archiver/4.8.0/plexus-archiver-4.8.0.pom
Downloaded from central: https://repo.maven.apache.org/maven2/org/codehaus/plexus/plexus-archiver/4.8.0/plexus-archiver-4.8.0.pom (6.1 kB at 130 kB/s)
Downloading from central: https://repo.maven.apache.org/maven2/org/codehaus/plexus/plexus/14/plexus-14.pom
Downloaded from central: https://repo.maven.apache.org/maven2/org/codehaus/plexus/plexus/14/plexus-14.pom (28 kB at 783 kB/s)
Downloading from central: https://repo.maven.apache.org/maven2/org/codehaus/plexus/plexus-io/3.4.1/plexus-io-3.4.1.pom
Downloaded from central: https://repo.maven.apache.org/maven2/org/codehaus/plexus/plexus-io/3.4.1/plexus-io-3.4.1.pom (6.0 kB at 163 kB/s)
Downloading from central: https://repo.maven.apache.org/maven2/commons-io/commons-io/2.13.0/commons-io-2.13.0.pom
Downloaded from central: https://repo.maven.apache.org/maven2/commons-io/commons-io/2.13.0/commons-io-2.13.0.pom (20 kB at 616 kB/s)
Downloading from central: https://repo.maven.apache.org/maven2/org/apache/commons/commons-compress/1.23.0/commons-compress-1.23.0.pom
Downloaded from central: https://repo.maven.apache.org/maven2/org/apache/commons/commons-compress/1.23.0/commons-compress-1.23.0.pom (22 kB at 643 kB/s)
Downloading from central: https://repo.maven.apache.org/maven2/org/apache/commons/commons-parent/56/commons-parent-56.pom
Downloaded from central: https://repo.maven.apache.org/maven2/org/apache/commons/commons-parent/56/commons-parent-56.pom (82 kB at 1.8 MB/s)
Downloading from central: https://repo.maven.apache.org/maven2/com/github/luben/zstd-jni/1.5.5-5/zstd-jni-1.5.5-5.pom
Downloaded from central: https://repo.maven.apache.org/maven2/com/github/luben/zstd-jni/1.5.5-5/zstd-jni-1.5.5-5.pom (1.9 kB at 29 kB/s)
Downloading from central: https://repo.maven.apache.org/maven2/org/codehaus/plexus/plexus-utils/3.5.1/plexus-utils-3.5.1.pom
Downloaded from central: https://repo.maven.apache.org/maven2/org/codehaus/plexus/plexus-utils/3.5.1/plexus-utils-3.5.1.pom (8.8 kB at 244 kB/s)
Downloading from central: https://repo.maven.apache.org/maven2/org/apache/maven/shared/maven-dependency-analyzer/1.13.2/maven-dependency-analyzer-1.13.2.pom
Downloaded from central: https://repo.maven.apache.org/maven2/org/apache/maven/shared/maven-dependency-analyzer/1.13.2/maven-dependency-analyzer-1.13.2.pom (6.4 kB at 165 kB/s)
Downloading from central: https://repo.maven.apache.org/maven2/org/apache/maven/shared/maven-shared-components/39/maven-shared-components-39.pom
Downloaded from central: https://repo.maven.apache.org/maven2/org/apache/maven/shared/maven-shared-components/39/maven-shared-components-39.pom (3.2 kB at 89 kB/s)
Downloading from central: https://repo.maven.apache.org/maven2/org/ow2/asm/asm/9.5/asm-9.5.pom
Downloaded from central: https://repo.maven.apache.org/maven2/org/ow2/asm/asm/9.5/asm-9.5.pom (2.4 kB at 68 kB/s)
Downloading from central: https://repo.maven.apache.org/maven2/org/apache/maven/shared/maven-dependency-tree/3.2.1/maven-dependency-tree-3.2.1.pom
Downloaded from central: https://repo.maven.apache.org/maven2/org/apache/maven/shared/maven-dependency-tree/3.2.1/maven-dependency-tree-3.2.1.pom (6.2 kB at 183 kB/s)
Downloading from central: https://repo.maven.apache.org/maven2/org/apache/maven/shared/maven-artifact-transfer/0.13.1/maven-artifact-transfer-0.13.1.pom
Downloaded from central: https://repo.maven.apache.org/maven2/org/apache/maven/shared/maven-artifact-transfer/0.13.1/maven-artifact-transfer-0.13.1.pom (11 kB at 261 kB/s)
Downloading from central: https://repo.maven.apache.org/maven2/org/apache/maven/maven-core/3.0/maven-core-3.0.pom
Downloaded from central: https://repo.maven.apache.org/maven2/org/apache/maven/maven-core/3.0/maven-core-3.0.pom (6.6 kB at 189 kB/s)
Downloading from central: https://repo.maven.apache.org/maven2/org/apache/maven/maven-model/3.0/maven-model-3.0.pom
Downloaded from central: https://repo.maven.apache.org/maven2/org/apache/maven/maven-model/3.0/maven-model-3.0.pom (3.9 kB at 111 kB/s)
Downloading from central: https://repo.maven.apache.org/maven2/org/apache/maven/maven-settings/3.0/maven-settings-3.0.pom
Downloaded from central: https://repo.maven.apache.org/maven2/org/apache/maven/maven-settings/3.0/maven-settings-3.0.pom (1.9 kB at 57 kB/s)
Downloading from central: https://repo.maven.apache.org/maven2/org/apache/maven/maven-settings-builder/3.0/maven-settings-builder-3.0.pom
Downloaded from central: https://repo.maven.apache.org/maven2/org/apache/maven/maven-settings-builder/3.0/maven-settings-builder-3.0.pom (2.2 kB at 69 kB/s)
Downloading from central: https://repo.maven.apache.org/maven2/org/codehaus/plexus/plexus-interpolation/1.14/plexus-interpolation-1.14.pom
Downloaded from central: https://repo.maven.apache.org/maven2/org/codehaus/plexus/plexus-interpolation/1.14/plexus-interpolation-1.14.pom (910 B at 27 kB/s)
Downloading from central: https://repo.maven.apache.org/maven2/org/codehaus/plexus/plexus-components/1.1.18/plexus-components-1.1.18.pom
Downloaded from central: https://repo.maven.apache.org/maven2/org/codehaus/plexus/plexus-components/1.1.18/plexus-components-1.1.18.pom (5.4 kB at 114 kB/s)
Downloading from central: https://repo.maven.apache.org/maven2/org/apache/maven/maven-repository-metadata/3.0/maven-repository-metadata-3.0.pom
Downloaded from central: https://repo.maven.apache.org/maven2/org/apache/maven/maven-repository-metadata/3.0/maven-repository-metadata-3.0.pom (1.9 kB at 62 kB/s)
Downloading from central: https://repo.maven.apache.org/maven2/org/apache/maven/maven-plugin-api/3.0/maven-plugin-api-3.0.pom
Downloaded from central: https://repo.maven.apache.org/maven2/org/apache/maven/maven-plugin-api/3.0/maven-plugin-api-3.0.pom (2.3 kB at 67 kB/s)
Downloading from central: https://repo.maven.apache.org/maven2/org/sonatype/sisu/sisu-inject-plexus/1.4.2/sisu-inject-plexus-1.4.2.pom
Downloaded from central: https://repo.maven.apache.org/maven2/org/sonatype/sisu/sisu-inject-plexus/1.4.2/sisu-inject-plexus-1.4.2.pom (5.4 kB at 153 kB/s)
Downloading from central: https://repo.maven.apache.org/maven2/org/sonatype/sisu/inject/guice-plexus/1.4.2/guice-plexus-1.4.2.pom
Downloaded from central: https://repo.maven.apache.org/maven2/org/sonatype/sisu/inject/guice-plexus/1.4.2/guice-plexus-1.4.2.pom (3.1 kB at 92 kB/s)
Downloading from central: https://repo.maven.apache.org/maven2/org/sonatype/sisu/inject/guice-bean/1.4.2/guice-bean-1.4.2.pom
Downloaded from central: https://repo.maven.apache.org/maven2/org/sonatype/sisu/inject/guice-bean/1.4.2/guice-bean-1.4.2.pom (2.6 kB at 84 kB/s)
Downloading from central: https://repo.maven.apache.org/maven2/org/sonatype/sisu/sisu-inject/1.4.2/sisu-inject-1.4.2.pom
Downloaded from central: https://repo.maven.apache.org/maven2/org/sonatype/sisu/sisu-inject/1.4.2/sisu-inject-1.4.2.pom (1.2 kB at 39 kB/s)
Downloading from central: https://repo.maven.apache.org/maven2/org/sonatype/sisu/sisu-parent/1.4.2/sisu-parent-1.4.2.pom
Downloaded from central: https://repo.maven.apache.org/maven2/org/sonatype/sisu/sisu-parent/1.4.2/sisu-parent-1.4.2.pom (7.8 kB at 199 kB/s)
Downloading from central: https://repo.maven.apache.org/maven2/org/sonatype/forge/forge-parent/6/forge-parent-6.pom
Downloaded from central: https://repo.maven.apache.org/maven2/org/sonatype/forge/forge-parent/6/forge-parent-6.pom (11 kB at 371 kB/s)
Downloading from central: https://repo.maven.apache.org/maven2/org/codehaus/plexus/plexus-component-annotations/1.5.4/plexus-component-annotations-1.5.4.pom
Downloaded from central: https://repo.maven.apache.org/maven2/org/codehaus/plexus/plexus-component-annotations/1.5.4/plexus-component-annotations-1.5.4.pom (815 B at 23 kB/s)
Downloading from central: https://repo.maven.apache.org/maven2/org/codehaus/plexus/plexus-containers/1.5.4/plexus-containers-1.5.4.pom
Downloaded from central: https://repo.maven.apache.org/maven2/org/codehaus/plexus/plexus-containers/1.5.4/plexus-containers-1.5.4.pom (4.2 kB at 137 kB/s)
Downloading from central: https://repo.maven.apache.org/maven2/org/codehaus/plexus/plexus/2.0.5/plexus-2.0.5.pom
Downloaded from central: https://repo.maven.apache.org/maven2/org/codehaus/plexus/plexus/2.0.5/plexus-2.0.5.pom (17 kB at 496 kB/s)
Downloading from central: https://repo.maven.apache.org/maven2/org/codehaus/plexus/plexus-classworlds/2.2.3/plexus-classworlds-2.2.3.pom
Downloaded from central: https://repo.maven.apache.org/maven2/org/codehaus/plexus/plexus-classworlds/2.2.3/plexus-classworlds-2.2.3.pom (4.0 kB at 111 kB/s)
Downloading from central: https://repo.maven.apache.org/maven2/org/codehaus/plexus/plexus/2.0.6/plexus-2.0.6.pom
Downloaded from central: https://repo.maven.apache.org/maven2/org/codehaus/plexus/plexus/2.0.6/plexus-2.0.6.pom (17 kB at 493 kB/s)
Downloading from central: https://repo.maven.apache.org/maven2/org/sonatype/sisu/sisu-inject-bean/1.4.2/sisu-inject-bean-1.4.2.pom
Downloaded from central: https://repo.maven.apache.org/maven2/org/sonatype/sisu/sisu-inject-bean/1.4.2/sisu-inject-bean-1.4.2.pom (5.5 kB at 165 kB/s)
Downloading from central: https://repo.maven.apache.org/maven2/org/sonatype/sisu/sisu-guice/2.1.7/sisu-guice-2.1.7.pom
Downloaded from central: https://repo.maven.apache.org/maven2/org/sonatype/sisu/sisu-guice/2.1.7/sisu-guice-2.1.7.pom (11 kB at 325 kB/s)
Downloading from central: https://repo.maven.apache.org/maven2/org/apache/maven/maven-model-builder/3.0/maven-model-builder-3.0.pom
Downloaded from central: https://repo.maven.apache.org/maven2/org/apache/maven/maven-model-builder/3.0/maven-model-builder-3.0.pom (2.2 kB at 62 kB/s)
Downloading from central: https://repo.maven.apache.org/maven2/org/apache/maven/maven-aether-provider/3.0/maven-aether-provider-3.0.pom
Downloaded from central: https://repo.maven.apache.org/maven2/org/apache/maven/maven-aether-provider/3.0/maven-aether-provider-3.0.pom (2.5 kB at 82 kB/s)
Downloading from central: https://repo.maven.apache.org/maven2/org/sonatype/aether/aether-api/1.7/aether-api-1.7.pom
Downloaded from central: https://repo.maven.apache.org/maven2/org/sonatype/aether/aether-api/1.7/aether-api-1.7.pom (1.7 kB at 52 kB/s)
Downloading from central: https://repo.maven.apache.org/maven2/org/sonatype/aether/aether-parent/1.7/aether-parent-1.7.pom
Downloaded from central: https://repo.maven.apache.org/maven2/org/sonatype/aether/aether-parent/1.7/aether-parent-1.7.pom (7.7 kB at 234 kB/s)
Downloading from central: https://repo.maven.apache.org/maven2/org/sonatype/aether/aether-util/1.7/aether-util-1.7.pom
Downloaded from central: https://repo.maven.apache.org/maven2/org/sonatype/aether/aether-util/1.7/aether-util-1.7.pom (2.1 kB at 64 kB/s)
Downloading from central: https://repo.maven.apache.org/maven2/org/sonatype/aether/aether-impl/1.7/aether-impl-1.7.pom
Downloaded from central: https://repo.maven.apache.org/maven2/org/sonatype/aether/aether-impl/1.7/aether-impl-1.7.pom (3.7 kB at 82 kB/s)
Downloading from central: https://repo.maven.apache.org/maven2/org/sonatype/aether/aether-spi/1.7/aether-spi-1.7.pom
Downloaded from central: https://repo.maven.apache.org/maven2/org/sonatype/aether/aether-spi/1.7/aether-spi-1.7.pom (1.7 kB at 36 kB/s)
Downloading from central: https://repo.maven.apache.org/maven2/org/apache/maven/shared/maven-common-artifact-filters/3.1.0/maven-common-artifact-filters-3.1.0.pom
Downloaded from central: https://repo.maven.apache.org/maven2/org/apache/maven/shared/maven-common-artifact-filters/3.1.0/maven-common-artifact-filters-3.1.0.pom (5.3 kB at 139 kB/s)
Downloading from central: https://repo.maven.apache.org/maven2/org/apache/maven/shared/maven-shared-components/33/maven-shared-components-33.pom
Downloaded from central: https://repo.maven.apache.org/maven2/org/apache/maven/shared/maven-shared-components/33/maven-shared-components-33.pom (5.1 kB at 154 kB/s)
Downloading from central: https://repo.maven.apache.org/maven2/org/apache/maven/maven-parent/33/maven-parent-33.pom
Downloaded from central: https://repo.maven.apache.org/maven2/org/apache/maven/maven-parent/33/maven-parent-33.pom (44 kB at 1.3 MB/s)
Downloading from central: https://repo.maven.apache.org/maven2/org/apache/maven/shared/maven-shared-utils/3.1.0/maven-shared-utils-3.1.0.pom
Downloaded from central: https://repo.maven.apache.org/maven2/org/apache/maven/shared/maven-shared-utils/3.1.0/maven-shared-utils-3.1.0.pom (5.0 kB at 128 kB/s)
Downloading from central: https://repo.maven.apache.org/maven2/org/apache/maven/shared/maven-shared-components/30/maven-shared-components-30.pom
Downloaded from central: https://repo.maven.apache.org/maven2/org/apache/maven/shared/maven-shared-components/30/maven-shared-components-30.pom (4.6 kB at 131 kB/s)
Downloading from central: https://repo.maven.apache.org/maven2/org/apache/maven/maven-parent/30/maven-parent-30.pom
Downloaded from central: https://repo.maven.apache.org/maven2/org/apache/maven/maven-parent/30/maven-parent-30.pom (41 kB at 1.1 MB/s)
Downloading from central: https://repo.maven.apache.org/maven2/commons-io/commons-io/2.5/commons-io-2.5.pom
Downloaded from central: https://repo.maven.apache.org/maven2/commons-io/commons-io/2.5/commons-io-2.5.pom (13 kB at 369 kB/s)
Downloading from central: https://repo.maven.apache.org/maven2/org/slf4j/slf4j-api/1.7.5/slf4j-api-1.7.5.pom
Downloaded from central: https://repo.maven.apache.org/maven2/org/slf4j/slf4j-api/1.7.5/slf4j-api-1.7.5.pom (2.7 kB at 87 kB/s)
Downloading from central: https://repo.maven.apache.org/maven2/org/slf4j/slf4j-parent/1.7.5/slf4j-parent-1.7.5.pom
Downloaded from central: https://repo.maven.apache.org/maven2/org/slf4j/slf4j-parent/1.7.5/slf4j-parent-1.7.5.pom (12 kB at 358 kB/s)
Downloading from central: https://repo.maven.apache.org/maven2/org/apache/maven/shared/maven-shared-utils/3.4.2/maven-shared-utils-3.4.2.pom
Downloaded from central: https://repo.maven.apache.org/maven2/org/apache/maven/shared/maven-shared-utils/3.4.2/maven-shared-utils-3.4.2.pom (5.9 kB at 179 kB/s)
Downloading from central: https://repo.maven.apache.org/maven2/org/apache/maven/maven-core/3.1.0/maven-core-3.1.0.jar
Downloaded from central: https://repo.maven.apache.org/maven2/org/apache/maven/maven-core/3.1.0/maven-core-3.1.0.jar (563 kB at 4.7 MB/s)
Downloading from central: https://repo.maven.apache.org/maven2/org/apache/maven/maven-settings/3.1.0/maven-settings-3.1.0.jar
Downloading from central: https://repo.maven.apache.org/maven2/org/apache/maven/maven-settings-builder/3.1.0/maven-settings-builder-3.1.0.jar
Downloading from central: https://repo.maven.apache.org/maven2/org/apache/maven/maven-repository-metadata/3.1.0/maven-repository-metadata-3.1.0.jar
Downloading from central: https://repo.maven.apache.org/maven2/org/apache/maven/maven-model-builder/3.1.0/maven-model-builder-3.1.0.jar
Downloading from central: https://repo.maven.apache.org/maven2/org/apache/maven/maven-aether-provider/3.1.0/maven-aether-provider-3.1.0.jar
Downloaded from central: https://repo.maven.apache.org/maven2/org/apache/maven/maven-repository-metadata/3.1.0/maven-repository-metadata-3.1.0.jar (30 kB at 386 kB/s)
Downloading from central: https://repo.maven.apache.org/maven2/org/eclipse/aether/aether-spi/0.9.0.M2/aether-spi-0.9.0.M2.jar
Downloaded from central: https://repo.maven.apache.org/maven2/org/eclipse/aether/aether-spi/0.9.0.M2/aether-spi-0.9.0.M2.jar (18 kB at 143 kB/s)
Downloading from central: https://repo.maven.apache.org/maven2/org/eclipse/aether/aether-impl/0.9.0.M2/aether-impl-0.9.0.M2.jar
Downloaded from central: https://repo.maven.apache.org/maven2/org/eclipse/aether/aether-impl/0.9.0.M2/aether-impl-0.9.0.M2.jar (145 kB at 641 kB/s)
Downloading from central: https://repo.maven.apache.org/maven2/org/eclipse/aether/aether-api/0.9.0.M2/aether-api-0.9.0.M2.jar
Downloaded from central: https://repo.maven.apache.org/maven2/org/apache/maven/maven-settings-builder/3.1.0/maven-settings-builder-3.1.0.jar (41 kB at 144 kB/s)
Downloading from central: https://repo.maven.apache.org/maven2/org/eclipse/sisu/org.eclipse.sisu.plexus/0.3.0.M1/org.eclipse.sisu.plexus-0.3.0.M1.jar
Downloaded from central: https://repo.maven.apache.org/maven2/org/apache/maven/maven-model-builder/3.1.0/maven-model-builder-3.1.0.jar (159 kB at 459 kB/s)
Downloading from central: https://repo.maven.apache.org/maven2/javax/enterprise/cdi-api/1.0/cdi-api-1.0.jar
Downloaded from central: https://repo.maven.apache.org/maven2/org/eclipse/aether/aether-api/0.9.0.M2/aether-api-0.9.0.M2.jar (134 kB at 379 kB/s)
Downloading from central: https://repo.maven.apache.org/maven2/javax/annotation/jsr250-api/1.0/jsr250-api-1.0.jar
Downloaded from central: https://repo.maven.apache.org/maven2/org/apache/maven/maven-settings/3.1.0/maven-settings-3.1.0.jar (47 kB at 127 kB/s)
Downloading from central: https://repo.maven.apache.org/maven2/org/eclipse/sisu/org.eclipse.sisu.inject/0.3.0.M1/org.eclipse.sisu.inject-0.3.0.M1.jar
Downloaded from central: https://repo.maven.apache.org/maven2/javax/annotation/jsr250-api/1.0/jsr250-api-1.0.jar (5.8 kB at 14 kB/s)
Downloaded from central: https://repo.maven.apache.org/maven2/javax/enterprise/cdi-api/1.0/cdi-api-1.0.jar (45 kB at 108 kB/s)
Downloading from central: https://repo.maven.apache.org/maven2/org/codehaus/plexus/plexus-interpolation/1.16/plexus-interpolation-1.16.jar
Downloading from central: https://repo.maven.apache.org/maven2/org/codehaus/plexus/plexus-classworlds/2.4.2/plexus-classworlds-2.4.2.jar
Downloaded from central: https://repo.maven.apache.org/maven2/org/apache/maven/maven-aether-provider/3.1.0/maven-aether-provider-3.1.0.jar (60 kB at 138 kB/s)
Downloading from central: https://repo.maven.apache.org/maven2/org/apache/maven/maven-artifact/3.1.0/maven-artifact-3.1.0.jar
Downloaded from central: https://repo.maven.apache.org/maven2/org/eclipse/sisu/org.eclipse.sisu.plexus/0.3.0.M1/org.eclipse.sisu.plexus-0.3.0.M1.jar (201 kB at 454 kB/s)
Downloading from central: https://repo.maven.apache.org/maven2/org/apache/maven/maven-plugin-api/3.1.0/maven-plugin-api-3.1.0.jar
Downloaded from central: https://repo.maven.apache.org/maven2/org/eclipse/sisu/org.eclipse.sisu.inject/0.3.0.M1/org.eclipse.sisu.inject-0.3.0.M1.jar (340 kB at 764 kB/s)
Downloading from central: https://repo.maven.apache.org/maven2/org/apache/commons/commons-text/1.10.0/commons-text-1.10.0.jar
Downloaded from central: https://repo.maven.apache.org/maven2/org/codehaus/plexus/plexus-interpolation/1.16/plexus-interpolation-1.16.jar (61 kB at 129 kB/s)
Downloaded from central: https://repo.maven.apache.org/maven2/org/apache/maven/maven-artifact/3.1.0/maven-artifact-3.1.0.jar (52 kB at 110 kB/s)
Downloading from central: https://repo.maven.apache.org/maven2/org/codehaus/plexus/plexus-archiver/4.8.0/plexus-archiver-4.8.0.jar
Downloading from central: https://repo.maven.apache.org/maven2/commons-io/commons-io/2.13.0/commons-io-2.13.0.jar
Downloaded from central: https://repo.maven.apache.org/maven2/org/codehaus/plexus/plexus-classworlds/2.4.2/plexus-classworlds-2.4.2.jar (47 kB at 97 kB/s)
Downloading from central: https://repo.maven.apache.org/maven2/org/apache/commons/commons-compress/1.23.0/commons-compress-1.23.0.jar
Downloaded from central: https://repo.maven.apache.org/maven2/org/apache/maven/maven-plugin-api/3.1.0/maven-plugin-api-3.1.0.jar (50 kB at 102 kB/s)
Downloading from central: https://repo.maven.apache.org/maven2/com/github/luben/zstd-jni/1.5.5-5/zstd-jni-1.5.5-5.jar
Downloaded from central: https://repo.maven.apache.org/maven2/org/apache/commons/commons-text/1.10.0/commons-text-1.10.0.jar (238 kB at 462 kB/s)
Downloading from central: https://repo.maven.apache.org/maven2/org/codehaus/plexus/plexus-utils/3.5.1/plexus-utils-3.5.1.jar
Downloaded from central: https://repo.maven.apache.org/maven2/org/codehaus/plexus/plexus-archiver/4.8.0/plexus-archiver-4.8.0.jar (224 kB at 388 kB/s)
Downloaded from central: https://repo.maven.apache.org/maven2/commons-io/commons-io/2.13.0/commons-io-2.13.0.jar (484 kB at 837 kB/s)
Downloading from central: https://repo.maven.apache.org/maven2/org/codehaus/plexus/plexus-io/3.4.1/plexus-io-3.4.1.jar
Downloading from central: https://repo.maven.apache.org/maven2/org/apache/maven/shared/maven-dependency-analyzer/1.13.2/maven-dependency-analyzer-1.13.2.jar
Downloaded from central: https://repo.maven.apache.org/maven2/org/codehaus/plexus/plexus-io/3.4.1/plexus-io-3.4.1.jar (79 kB at 127 kB/s)
Downloading from central: https://repo.maven.apache.org/maven2/org/ow2/asm/asm/9.5/asm-9.5.jar
Downloaded from central: https://repo.maven.apache.org/maven2/org/codehaus/plexus/plexus-utils/3.5.1/plexus-utils-3.5.1.jar (269 kB at 421 kB/s)
Downloading from central: https://repo.maven.apache.org/maven2/org/apache/maven/shared/maven-dependency-tree/3.2.1/maven-dependency-tree-3.2.1.jar
Downloaded from central: https://repo.maven.apache.org/maven2/org/ow2/asm/asm/9.5/asm-9.5.jar (122 kB at 178 kB/s)
Downloading from central: https://repo.maven.apache.org/maven2/org/apache/maven/shared/maven-artifact-transfer/0.13.1/maven-artifact-transfer-0.13.1.jar
Downloaded from central: https://repo.maven.apache.org/maven2/org/apache/maven/shared/maven-dependency-analyzer/1.13.2/maven-dependency-analyzer-1.13.2.jar (39 kB at 53 kB/s)
Downloading from central: https://repo.maven.apache.org/maven2/org/apache/maven/shared/maven-shared-utils/3.4.2/maven-shared-utils-3.4.2.jar
Downloaded from central: https://repo.maven.apache.org/maven2/org/apache/maven/shared/maven-artifact-transfer/0.13.1/maven-artifact-transfer-0.13.1.jar (159 kB at 213 kB/s)
Downloaded from central: https://repo.maven.apache.org/maven2/org/apache/maven/shared/maven-dependency-tree/3.2.1/maven-dependency-tree-3.2.1.jar (43 kB at 53 kB/s)
Downloaded from central: https://repo.maven.apache.org/maven2/org/apache/maven/shared/maven-shared-utils/3.4.2/maven-shared-utils-3.4.2.jar (151 kB at 165 kB/s)
Downloaded from central: https://repo.maven.apache.org/maven2/org/apache/commons/commons-compress/1.23.0/commons-compress-1.23.0.jar (1.1 MB at 776 kB/s)
Downloaded from central: https://repo.maven.apache.org/maven2/com/github/luben/zstd-jni/1.5.5-5/zstd-jni-1.5.5-5.jar (5.9 MB at 3.4 MB/s)
[INFO]
[INFO] The following files have been resolved:
[INFO]    org.testng:testng:jar:7.8.0:compile -- module org.testng [auto]
[INFO]    com.beust:jcommander:jar:1.82:compile -- module jcommander (auto)
[INFO]    org.webjars:jquery:jar:3.6.1:runtime -- module jquery (auto)
[INFO]    org.seleniumhq.selenium:selenium-java:jar:4.15.0:compile -- module org.seleniumhq.selenium.java
[INFO]    org.seleniumhq.selenium:selenium-api:jar:4.15.0:compile -- module org.seleniumhq.selenium.api
[INFO]    org.seleniumhq.selenium:selenium-chrome-driver:jar:4.15.0:compile -- module org.seleniumhq.selenium.chrome_driver
[INFO]    com.google.auto.service:auto-service-annotations:jar:1.1.1:compile -- module com.google.auto.service [auto]
[INFO]    org.seleniumhq.selenium:selenium-chromium-driver:jar:4.15.0:compile -- module org.seleniumhq.selenium.chromium_driver
[INFO]    org.seleniumhq.selenium:selenium-json:jar:4.15.0:compile -- module org.seleniumhq.selenium.json
[INFO]    org.seleniumhq.selenium:selenium-manager:jar:4.15.0:compile -- module org.seleniumhq.selenium.manager
[INFO]    org.seleniumhq.selenium:selenium-devtools-v117:jar:4.15.0:compile -- module org.seleniumhq.selenium.devtools_v117
[INFO]    org.seleniumhq.selenium:selenium-devtools-v118:jar:4.15.0:compile -- module org.seleniumhq.selenium.devtools_v118
[INFO]    org.seleniumhq.selenium:selenium-devtools-v119:jar:4.15.0:compile -- module org.seleniumhq.selenium.devtools_v119
[INFO]    org.seleniumhq.selenium:selenium-devtools-v85:jar:4.15.0:compile -- module org.seleniumhq.selenium.devtools_v85
[INFO]    org.seleniumhq.selenium:selenium-edge-driver:jar:4.15.0:compile -- module org.seleniumhq.selenium.edge_driver
[INFO]    org.seleniumhq.selenium:selenium-firefox-driver:jar:4.15.0:compile -- module org.seleniumhq.selenium.firefox_driver
[INFO]    org.seleniumhq.selenium:selenium-http:jar:4.15.0:compile -- module org.seleniumhq.selenium.http
[INFO]    dev.failsafe:failsafe:jar:3.3.2:compile -- module dev.failsafe.core
[INFO]    org.seleniumhq.selenium:selenium-ie-driver:jar:4.15.0:compile -- module org.seleniumhq.selenium.ie_driver
[INFO]    org.seleniumhq.selenium:selenium-remote-driver:jar:4.15.0:compile -- module org.seleniumhq.selenium.remote_driver
[INFO]    com.google.guava:guava:jar:32.1.2-jre:compile -- module com.google.common [auto]
[INFO]    com.google.guava:failureaccess:jar:1.0.1:compile -- module failureaccess (auto)
[INFO]    com.google.guava:listenablefuture:jar:9999.0-empty-to-avoid-conflict-with-guava:compile -- module listenablefuture (auto)
[INFO]    com.google.code.findbugs:jsr305:jar:3.0.2:compile -- module jsr305 (auto)
[INFO]    org.checkerframework:checker-qual:jar:3.33.0:compile -- module org.checkerframework.checker.qual [auto]
[INFO]    com.google.errorprone:error_prone_annotations:jar:2.18.0:compile -- module com.google.errorprone.annotations [auto]
[INFO]    com.google.j2objc:j2objc-annotations:jar:2.8:compile -- module j2objc.annotations (auto)
[INFO]    io.opentelemetry:opentelemetry-api:jar:1.28.0:compile -- module io.opentelemetry.api [auto]
[INFO]    io.opentelemetry:opentelemetry-context:jar:1.28.0:compile -- module io.opentelemetry.context [auto]
[INFO]    io.opentelemetry:opentelemetry-exporter-logging:jar:1.28.0:compile -- module io.opentelemetry.exporter.logging [auto]
[INFO]    io.opentelemetry:opentelemetry-sdk-metrics:jar:1.28.0:compile -- module io.opentelemetry.sdk.metrics [auto]
[INFO]    io.opentelemetry:opentelemetry-extension-incubator:jar:1.28.0-alpha:runtime -- module io.opentelemetry.extension.incubator [auto]
[INFO]    io.opentelemetry:opentelemetry-sdk-logs:jar:1.28.0:compile -- module io.opentelemetry.sdk.logs [auto]
[INFO]    io.opentelemetry:opentelemetry-sdk-common:jar:1.28.0:compile -- module io.opentelemetry.sdk.common [auto]
[INFO]    io.opentelemetry:opentelemetry-sdk-extension-autoconfigure-spi:jar:1.28.0:compile -- module io.opentelemetry.sdk.autoconfigure.spi [auto]
[INFO]    io.opentelemetry:opentelemetry-sdk-extension-autoconfigure:jar:1.28.0:compile -- module io.opentelemetry.sdk.autoconfigure [auto]
[INFO]    io.opentelemetry:opentelemetry-api-events:jar:1.28.0-alpha:runtime -- module io.opentelemetry.api.events [auto]
[INFO]    io.opentelemetry:opentelemetry-sdk-trace:jar:1.28.0:compile -- module io.opentelemetry.sdk.trace [auto]
[INFO]    io.opentelemetry:opentelemetry-sdk:jar:1.28.0:compile -- module io.opentelemetry.sdk [auto]
[INFO]    io.opentelemetry:opentelemetry-semconv:jar:1.28.0-alpha:compile -- module io.opentelemetry.semconv [auto]
[INFO]    net.bytebuddy:byte-buddy:jar:1.14.5:compile -- module net.bytebuddy
[INFO]    org.seleniumhq.selenium:selenium-os:jar:4.15.0:compile -- module org.seleniumhq.selenium.os
[INFO]    org.apache.commons:commons-exec:jar:1.3:compile -- module commons.exec (auto)
[INFO]    org.seleniumhq.selenium:selenium-safari-driver:jar:4.15.0:compile -- module org.seleniumhq.selenium.safari_driver
[INFO]    org.seleniumhq.selenium:selenium-support:jar:4.15.0:compile -- module org.seleniumhq.selenium.support
[INFO]    org.slf4j:slf4j-api:jar:2.0.9:compile -- module org.slf4j
[INFO]    ch.qos.logback:logback-classic:jar:1.4.11:compile -- module ch.qos.logback.classic
[INFO]    ch.qos.logback:logback-core:jar:1.4.11:compile -- module ch.qos.logback.core
[INFO]
[INFO] ------------------------------------------------------------------------
[INFO] BUILD SUCCESS
[INFO] ------------------------------------------------------------------------
[INFO] Total time:  10.688 s
[INFO] Finished at: 2023-12-20T18:17:50+02:00
[INFO] ------------------------------------------------------------------------


--- Обновление зависимостей с пересборкой проекта - mvn clean install -U

















####################################################################################################################################

 2.Запустить тесты используя mvn clean test

 --- mvn clean test

[INFO] Scanning for projects...
[WARNING]
[WARNING] Some problems were encountered while building the effective model for org.example:automation_java:jar:1.0-SNAPSHOT
[WARNING] 'dependencies.dependency.(groupId:artifactId:type:classifier)' must be unique: org.testng:testng:jar -> duplicate declaration of version 7.8.0 @ line 43, column 21
[WARNING]
[WARNING] It is highly recommended to fix these problems because they threaten the stability of your build.
[WARNING]
[WARNING] For this reason, future Maven versions might no longer support building such malformed projects.
[WARNING]
[INFO]
[INFO] --------------------< org.example:automation_java >---------------------
[INFO] Building automation_java 1.0-SNAPSHOT
[INFO]   from pom.xml
[INFO] --------------------------------[ jar ]---------------------------------
[INFO]
[INFO] --- clean:3.2.0:clean (default-clean) @ automation_java ---
[INFO] Deleting /Users/nikitamiroskin/projects/Automation_Nikita_Miroshkin/target
[INFO]
[INFO] --- resources:3.3.1:resources (default-resources) @ automation_java ---
[INFO] Copying 1 resource from src/main/resources to target/classes
[INFO]
[INFO] --- compiler:3.11.0:compile (default-compile) @ automation_java ---
[INFO] Changes detected - recompiling the module! :source
[INFO] Compiling 18 source files with javac [debug target 11] to target/classes
[WARNING] system modules path not set in conjunction with -source 11
[INFO]
[INFO] --- resources:3.3.1:testResources (default-testResources) @ automation_java ---
[INFO] skip non existing resourceDirectory /Users/nikitamiroskin/projects/Automation_Nikita_Miroshkin/src/test/resources
[INFO]
[INFO] --- compiler:3.11.0:testCompile (default-testCompile) @ automation_java ---
[INFO] Changes detected - recompiling the module! :dependency
[INFO] Compiling 9 source files with javac [debug target 11] to target/test-classes
[WARNING] system modules path not set in conjunction with -source 11
[INFO]
[INFO] --- surefire:3.2.2:test (default-test) @ automation_java ---
[INFO] Using auto detected provider org.apache.maven.surefire.testng.TestNGProvider
[INFO]
[INFO] -------------------------------------------------------
[INFO]  T E S T S
[INFO] -------------------------------------------------------
[INFO] Running TestSuite
дек. 20, 2023 6:30:20 PM org.openqa.selenium.devtools.CdpVersionFinder findNearestMatch
WARNING: Unable to find an exact match for CDP version 120, returning the closest version; found: 119; Please update to a Selenium version that supports CDP version 120
дек. 20, 2023 6:30:25 PM org.openqa.selenium.devtools.CdpVersionFinder findNearestMatch
WARNING: Unable to find an exact match for CDP version 120, returning the closest version; found: 119; Please update to a Selenium version that supports CDP version 120
Enter in :: [[ChromeDriver: chrome on mac (a81f34ffd23d1df0bc066f42b5e31812)] -> id: user-name], next values :: [Test]
Enter in :: [[ChromeDriver: chrome on mac (a81f34ffd23d1df0bc066f42b5e31812)] -> name: password], next values :: [TestTest]
Click on element :: [[ChromeDriver: chrome on mac (a81f34ffd23d1df0bc066f42b5e31812)] -> css selector: input[value='Login']]
Enter in :: [[ChromeDriver: chrome on mac (a81f34ffd23d1df0bc066f42b5e31812)] -> id: user-name], next values :: [Alex]
Enter in :: [[ChromeDriver: chrome on mac (a81f34ffd23d1df0bc066f42b5e31812)] -> name: password], next values :: [secret_sauce]
Click on element :: [[ChromeDriver: chrome on mac (a81f34ffd23d1df0bc066f42b5e31812)] -> css selector: input[value='Login']]
Enter in :: [[ChromeDriver: chrome on mac (a81f34ffd23d1df0bc066f42b5e31812)] -> id: user-name], next values :: [Bob]
Enter in :: [[ChromeDriver: chrome on mac (a81f34ffd23d1df0bc066f42b5e31812)] -> name: password], next values :: [secret_sauce]
Click on element :: [[ChromeDriver: chrome on mac (a81f34ffd23d1df0bc066f42b5e31812)] -> css selector: input[value='Login']]
Enter in :: [[ChromeDriver: chrome on mac (a81f34ffd23d1df0bc066f42b5e31812)] -> id: user-name], next values :: [John]
Enter in :: [[ChromeDriver: chrome on mac (a81f34ffd23d1df0bc066f42b5e31812)] -> name: password], next values :: [secret_sauce]
Click on element :: [[ChromeDriver: chrome on mac (a81f34ffd23d1df0bc066f42b5e31812)] -> css selector: input[value='Login']]
Enter in :: [[ChromeDriver: chrome on mac (a81f34ffd23d1df0bc066f42b5e31812)] -> id: user-name], next values :: [TestTestTestTestTestTEstTestTestTEstTest]
Enter in :: [[ChromeDriver: chrome on mac (a81f34ffd23d1df0bc066f42b5e31812)] -> name: password], next values :: [secret_sauce]
Click on element :: [[ChromeDriver: chrome on mac (a81f34ffd23d1df0bc066f42b5e31812)] -> css selector: input[value='Login']]
Click on element :: [[ChromeDriver: chrome on mac (a81f34ffd23d1df0bc066f42b5e31812)] -> css selector: input[value='Login']]
Enter in :: [[ChromeDriver: chrome on mac (a81f34ffd23d1df0bc066f42b5e31812)] -> id: user-name], next values :: [TestTestTestTestTestTestTestTestTestTestTestTestTestTestTestTest]
Enter in :: [[ChromeDriver: chrome on mac (a81f34ffd23d1df0bc066f42b5e31812)] -> name: password], next values :: [secret_sauce]
Click on element :: [[ChromeDriver: chrome on mac (a81f34ffd23d1df0bc066f42b5e31812)] -> css selector: input[value='Login']]
Enter in :: [[ChromeDriver: chrome on mac (a81f34ffd23d1df0bc066f42b5e31812)] -> id: user-name], next values :: [standard_user]
Enter in :: [[ChromeDriver: chrome on mac (a81f34ffd23d1df0bc066f42b5e31812)] -> name: password], next values :: [secret_sauce]
Click on element :: [[ChromeDriver: chrome on mac (a81f34ffd23d1df0bc066f42b5e31812)] -> css selector: input[value='Login']]
Click on element :: [[[[ChromeDriver: chrome on mac (a81f34ffd23d1df0bc066f42b5e31812)] -> class name: inventory_item]] -> tag name: button]
Click on element :: [[[[ChromeDriver: chrome on mac (a81f34ffd23d1df0bc066f42b5e31812)] -> class name: inventory_item]] -> tag name: button]
Click on element :: [[ChromeDriver: chrome on mac (a81f34ffd23d1df0bc066f42b5e31812)] -> class name: shopping_cart_link]
Click on element :: [[[[ChromeDriver: chrome on mac (a81f34ffd23d1df0bc066f42b5e31812)] -> class name: cart_item]] -> css selector:  .cart_item_label .btn]
Click on element :: [[ChromeDriver: chrome on mac (a81f34ffd23d1df0bc066f42b5e31812)] -> css selector: .checkout_button]
Enter in :: [[ChromeDriver: chrome on mac (a81f34ffd23d1df0bc066f42b5e31812)] -> id: first-name], next values :: [testFirstName]
Enter in :: [[ChromeDriver: chrome on mac (a81f34ffd23d1df0bc066f42b5e31812)] -> id: last-name], next values :: [testLastName]
Enter in :: [[ChromeDriver: chrome on mac (a81f34ffd23d1df0bc066f42b5e31812)] -> id: postal-code], next values :: [12345]
Click on element :: [[ChromeDriver: chrome on mac (a81f34ffd23d1df0bc066f42b5e31812)] -> id: continue]
Click on element :: [[ChromeDriver: chrome on mac (a81f34ffd23d1df0bc066f42b5e31812)] -> name: finish]
Navigate to :: https://the-internet.herokuapp.com/
Click on element :: [[ChromeDriver: chrome on mac (a81f34ffd23d1df0bc066f42b5e31812)] -> link text: Frames]
Click on element :: [[ChromeDriver: chrome on mac (a81f34ffd23d1df0bc066f42b5e31812)] -> link text: iFrame]
Enter in :: [[ChromeDriver: chrome on mac (a81f34ffd23d1df0bc066f42b5e31812)] -> tag name: p], next values :: [Your content goes here.]
Navigate to :: https://the-internet.herokuapp.com/
Click on element :: [[ChromeDriver: chrome on mac (a81f34ffd23d1df0bc066f42b5e31812)] -> link text: File Upload]
Click on element :: [[ChromeDriver: chrome on mac (a81f34ffd23d1df0bc066f42b5e31812)] -> id: file-submit]
Navigate to :: https://the-internet.herokuapp.com/
Click on element :: [[ChromeDriver: chrome on mac (a81f34ffd23d1df0bc066f42b5e31812)] -> link text: Context Menu]
Navigate to :: https://the-internet.herokuapp.com/
Click on element :: [[ChromeDriver: chrome on mac (a81f34ffd23d1df0bc066f42b5e31812)] -> link text: Dynamic Controls]
Click on element :: [[ChromeDriver: chrome on mac (a81f34ffd23d1df0bc066f42b5e31812)] -> xpath: //*[text()='Remove']]
Click on element :: [[ChromeDriver: chrome on mac (a81f34ffd23d1df0bc066f42b5e31812)] -> xpath: *//form[@id='input-example']/button]
https://www.google.com/
[ERROR] Tests run: 32, Failures: 9, Errors: 0, Skipped: 5, Time elapsed: 237.4 s <<< FAILURE! -- in TestSuite
[ERROR] lesson_9.LoginTest.successfulLogin -- Time elapsed: 0.725 s <<< FAILURE!
org.testng.TestNGException:

Parameter 'userName' is required by @Test on method successfulLogin but has not been marked @Optional or defined

        at org.testng.internal.Parameters.createParams(Parameters.java:267)
        at org.testng.internal.Parameters.createParametersForMethod(Parameters.java:355)
        at org.testng.internal.Parameters.createParameters(Parameters.java:684)
        at org.testng.internal.Parameters.handleParameters(Parameters.java:879)
        at org.testng.internal.Parameters.handleParameters(Parameters.java:728)
        at org.testng.internal.invokers.ParameterHandler.handleParameters(ParameterHandler.java:72)
        at org.testng.internal.invokers.ParameterHandler.createParameters(ParameterHandler.java:51)
        at org.testng.internal.invokers.TestInvoker$MethodInvocationAgent.invoke(TestInvoker.java:911)
        at org.testng.internal.invokers.TestInvoker.invokeTestMethods(TestInvoker.java:200)
        at org.testng.internal.invokers.TestMethodWorker.invokeTestMethods(TestMethodWorker.java:148)
        at org.testng.internal.invokers.TestMethodWorker.run(TestMethodWorker.java:128)
        at java.base/java.util.ArrayList.forEach(ArrayList.java:1596)
        at org.testng.TestRunner.privateRun(TestRunner.java:848)
        at org.testng.TestRunner.run(TestRunner.java:621)
        at org.testng.SuiteRunner.runTest(SuiteRunner.java:443)
        at org.testng.SuiteRunner.runSequentially(SuiteRunner.java:437)
        at org.testng.SuiteRunner.privateRun(SuiteRunner.java:397)
        at org.testng.SuiteRunner.run(SuiteRunner.java:336)
        at org.testng.SuiteRunnerWorker.runSuite(SuiteRunnerWorker.java:52)
        at org.testng.SuiteRunnerWorker.run(SuiteRunnerWorker.java:95)
        at org.testng.TestNG.runSuitesSequentially(TestNG.java:1280)
        at org.testng.TestNG.runSuitesLocally(TestNG.java:1200)
        at org.testng.TestNG.runSuites(TestNG.java:1114)
        at org.testng.TestNG.run(TestNG.java:1082)
        at org.apache.maven.surefire.testng.TestNGExecutor.run(TestNGExecutor.java:155)
        at org.apache.maven.surefire.testng.TestNGDirectoryTestSuite.executeMulti(TestNGDirectoryTestSuite.java:169)
        at org.apache.maven.surefire.testng.TestNGDirectoryTestSuite.execute(TestNGDirectoryTestSuite.java:88)
        at org.apache.maven.surefire.testng.TestNGProvider.invoke(TestNGProvider.java:137)
        at org.apache.maven.surefire.booter.ForkedBooter.runSuitesInProcess(ForkedBooter.java:385)
        at org.apache.maven.surefire.booter.ForkedBooter.execute(ForkedBooter.java:162)
        at org.apache.maven.surefire.booter.ForkedBooter.run(ForkedBooter.java:507)
        at org.apache.maven.surefire.booter.ForkedBooter.main(ForkedBooter.java:495)

[ERROR] lesson_9.CatalogTest.addProductsToCart -- Time elapsed: 20.04 s <<< FAILURE!
org.openqa.selenium.NoSuchElementException:
no such element: Unable to locate element: {"method":"css selector","selector":".app_logo"}
  (Session info: chrome=120.0.6099.109)
For documentation on this error, please visit: https://www.selenium.dev/documentation/webdriver/troubleshooting/errors#no-such-element-exception
Build info: version: '4.15.0', revision: '1d14b5521b'
System info: os.name: 'Mac OS X', os.arch: 'x86_64', os.version: '14.1.2', java.version: '21.0.1'
Driver info: org.openqa.selenium.chrome.ChromeDriver
Command: [a81f34ffd23d1df0bc066f42b5e31812, findElement {using=class name, value=app_logo}]
Capabilities {acceptInsecureCerts: false, browserName: chrome, browserVersion: 120.0.6099.109, chrome: {chromedriverVersion: 120.0.6099.109 (3419140ab66..., userDataDir: /var/folders/nr/_hysfrz15p1...}, fedcm:accounts: true, goog:chromeOptions: {debuggerAddress: localhost:60766}, networkConnectionEnabled: false, pageLoadStrategy: normal, platformName: mac, proxy: Proxy(), se:cdp: ws://localhost:60766/devtoo..., se:cdpVersion: 120.0.6099.109, setWindowRect: true, strictFileInteractability: false, timeouts: {implicit: 0, pageLoad: 300000, script: 30000}, unhandledPromptBehavior: dismiss and notify, webauthn:extension:credBlob: true, webauthn:extension:largeBlob: true, webauthn:extension:minPinLength: true, webauthn:extension:prf: true, webauthn:virtualAuthenticators: true}
Session ID: a81f34ffd23d1df0bc066f42b5e31812
        at java.base/jdk.internal.reflect.DirectConstructorHandleAccessor.newInstance(DirectConstructorHandleAccessor.java:62)
        at java.base/java.lang.reflect.Constructor.newInstanceWithCaller(Constructor.java:502)
        at java.base/java.lang.reflect.Constructor.newInstance(Constructor.java:486)
        at org.openqa.selenium.remote.codec.w3c.W3CHttpResponseCodec.createException(W3CHttpResponseCodec.java:200)
        at org.openqa.selenium.remote.codec.w3c.W3CHttpResponseCodec.decode(W3CHttpResponseCodec.java:133)
        at org.openqa.selenium.remote.codec.w3c.W3CHttpResponseCodec.decode(W3CHttpResponseCodec.java:52)
        at org.openqa.selenium.remote.HttpCommandExecutor.execute(HttpCommandExecutor.java:191)
        at org.openqa.selenium.remote.service.DriverCommandExecutor.invokeExecute(DriverCommandExecutor.java:200)
        at org.openqa.selenium.remote.service.DriverCommandExecutor.execute(DriverCommandExecutor.java:175)
        at org.openqa.selenium.remote.RemoteWebDriver.execute(RemoteWebDriver.java:607)
        at org.openqa.selenium.remote.ElementLocation$ElementFinder$2.findElement(ElementLocation.java:165)
        at org.openqa.selenium.remote.ElementLocation.findElement(ElementLocation.java:59)
        at org.openqa.selenium.remote.RemoteWebDriver.findElement(RemoteWebDriver.java:364)
        at org.openqa.selenium.remote.RemoteWebDriver.findElement(RemoteWebDriver.java:358)
        at projects.saucedemo.pages.ProductPage.verifyPage(ProductPage.java:18)
        at lesson_9.CatalogTest.addProductsToCart(CatalogTest.java:25)
        at java.base/jdk.internal.reflect.DirectMethodHandleAccessor.invoke(DirectMethodHandleAccessor.java:103)
        at java.base/java.lang.reflect.Method.invoke(Method.java:580)
        at org.testng.internal.invokers.MethodInvocationHelper.invokeMethod(MethodInvocationHelper.java:139)
        at org.testng.internal.invokers.TestInvoker.invokeMethod(TestInvoker.java:664)
        at org.testng.internal.invokers.TestInvoker.invokeTestMethod(TestInvoker.java:227)
        at org.testng.internal.invokers.MethodRunner.runInSequence(MethodRunner.java:50)
        at org.testng.internal.invokers.TestInvoker$MethodInvocationAgent.invoke(TestInvoker.java:957)
        at org.testng.internal.invokers.TestInvoker.invokeTestMethods(TestInvoker.java:200)
        at org.testng.internal.invokers.TestMethodWorker.invokeTestMethods(TestMethodWorker.java:148)
        at org.testng.internal.invokers.TestMethodWorker.run(TestMethodWorker.java:128)
        at java.base/java.util.ArrayList.forEach(ArrayList.java:1596)
        at org.testng.TestRunner.privateRun(TestRunner.java:848)
        at org.testng.TestRunner.run(TestRunner.java:621)
        at org.testng.SuiteRunner.runTest(SuiteRunner.java:443)
        at org.testng.SuiteRunner.runSequentially(SuiteRunner.java:437)
        at org.testng.SuiteRunner.privateRun(SuiteRunner.java:397)
        at org.testng.SuiteRunner.run(SuiteRunner.java:336)
        at org.testng.SuiteRunnerWorker.runSuite(SuiteRunnerWorker.java:52)
        at org.testng.SuiteRunnerWorker.run(SuiteRunnerWorker.java:95)
        at org.testng.TestNG.runSuitesSequentially(TestNG.java:1280)
        at org.testng.TestNG.runSuitesLocally(TestNG.java:1200)
        at org.testng.TestNG.runSuites(TestNG.java:1114)
        at org.testng.TestNG.run(TestNG.java:1082)
        at org.apache.maven.surefire.testng.TestNGExecutor.run(TestNGExecutor.java:155)
        at org.apache.maven.surefire.testng.TestNGDirectoryTestSuite.executeMulti(TestNGDirectoryTestSuite.java:169)
        at org.apache.maven.surefire.testng.TestNGDirectoryTestSuite.execute(TestNGDirectoryTestSuite.java:88)
        at org.apache.maven.surefire.testng.TestNGProvider.invoke(TestNGProvider.java:137)
        at org.apache.maven.surefire.booter.ForkedBooter.runSuitesInProcess(ForkedBooter.java:385)
        at org.apache.maven.surefire.booter.ForkedBooter.execute(ForkedBooter.java:162)
        at org.apache.maven.surefire.booter.ForkedBooter.run(ForkedBooter.java:507)
        at org.apache.maven.surefire.booter.ForkedBooter.main(ForkedBooter.java:495)

[ERROR] lesson_9.CatalogTest.addProductsToCart -- Time elapsed: 20.03 s <<< FAILURE!
org.openqa.selenium.NoSuchElementException:
no such element: Unable to locate element: {"method":"css selector","selector":".app_logo"}
  (Session info: chrome=120.0.6099.109)
For documentation on this error, please visit: https://www.selenium.dev/documentation/webdriver/troubleshooting/errors#no-such-element-exception
Build info: version: '4.15.0', revision: '1d14b5521b'
System info: os.name: 'Mac OS X', os.arch: 'x86_64', os.version: '14.1.2', java.version: '21.0.1'
Driver info: org.openqa.selenium.chrome.ChromeDriver
Command: [a81f34ffd23d1df0bc066f42b5e31812, findElement {using=class name, value=app_logo}]
Capabilities {acceptInsecureCerts: false, browserName: chrome, browserVersion: 120.0.6099.109, chrome: {chromedriverVersion: 120.0.6099.109 (3419140ab66..., userDataDir: /var/folders/nr/_hysfrz15p1...}, fedcm:accounts: true, goog:chromeOptions: {debuggerAddress: localhost:60766}, networkConnectionEnabled: false, pageLoadStrategy: normal, platformName: mac, proxy: Proxy(), se:cdp: ws://localhost:60766/devtoo..., se:cdpVersion: 120.0.6099.109, setWindowRect: true, strictFileInteractability: false, timeouts: {implicit: 0, pageLoad: 300000, script: 30000}, unhandledPromptBehavior: dismiss and notify, webauthn:extension:credBlob: true, webauthn:extension:largeBlob: true, webauthn:extension:minPinLength: true, webauthn:extension:prf: true, webauthn:virtualAuthenticators: true}
Session ID: a81f34ffd23d1df0bc066f42b5e31812
        at java.base/jdk.internal.reflect.DirectConstructorHandleAccessor.newInstance(DirectConstructorHandleAccessor.java:62)
        at java.base/java.lang.reflect.Constructor.newInstanceWithCaller(Constructor.java:502)
        at java.base/java.lang.reflect.Constructor.newInstance(Constructor.java:486)
        at org.openqa.selenium.remote.codec.w3c.W3CHttpResponseCodec.createException(W3CHttpResponseCodec.java:200)
        at org.openqa.selenium.remote.codec.w3c.W3CHttpResponseCodec.decode(W3CHttpResponseCodec.java:133)
        at org.openqa.selenium.remote.codec.w3c.W3CHttpResponseCodec.decode(W3CHttpResponseCodec.java:52)
        at org.openqa.selenium.remote.HttpCommandExecutor.execute(HttpCommandExecutor.java:191)
        at org.openqa.selenium.remote.service.DriverCommandExecutor.invokeExecute(DriverCommandExecutor.java:200)
        at org.openqa.selenium.remote.service.DriverCommandExecutor.execute(DriverCommandExecutor.java:175)
        at org.openqa.selenium.remote.RemoteWebDriver.execute(RemoteWebDriver.java:607)
        at org.openqa.selenium.remote.ElementLocation$ElementFinder$2.findElement(ElementLocation.java:165)
        at org.openqa.selenium.remote.ElementLocation.findElement(ElementLocation.java:59)
        at org.openqa.selenium.remote.RemoteWebDriver.findElement(RemoteWebDriver.java:364)
        at org.openqa.selenium.remote.RemoteWebDriver.findElement(RemoteWebDriver.java:358)
        at projects.saucedemo.pages.ProductPage.verifyPage(ProductPage.java:18)
        at lesson_9.CatalogTest.addProductsToCart(CatalogTest.java:25)
        at java.base/jdk.internal.reflect.DirectMethodHandleAccessor.invoke(DirectMethodHandleAccessor.java:103)
        at java.base/java.lang.reflect.Method.invoke(Method.java:580)
        at org.testng.internal.invokers.MethodInvocationHelper.invokeMethod(MethodInvocationHelper.java:139)
        at org.testng.internal.invokers.TestInvoker.invokeMethod(TestInvoker.java:664)
        at org.testng.internal.invokers.TestInvoker.invokeTestMethod(TestInvoker.java:227)
        at org.testng.internal.invokers.MethodRunner.runInSequence(MethodRunner.java:50)
        at org.testng.internal.invokers.TestInvoker$MethodInvocationAgent.invoke(TestInvoker.java:957)
        at org.testng.internal.invokers.TestInvoker.invokeTestMethods(TestInvoker.java:200)
        at org.testng.internal.invokers.TestMethodWorker.invokeTestMethods(TestMethodWorker.java:148)
        at org.testng.internal.invokers.TestMethodWorker.run(TestMethodWorker.java:128)
        at java.base/java.util.ArrayList.forEach(ArrayList.java:1596)
        at org.testng.TestRunner.privateRun(TestRunner.java:848)
        at org.testng.TestRunner.run(TestRunner.java:621)
        at org.testng.SuiteRunner.runTest(SuiteRunner.java:443)
        at org.testng.SuiteRunner.runSequentially(SuiteRunner.java:437)
        at org.testng.SuiteRunner.privateRun(SuiteRunner.java:397)
        at org.testng.SuiteRunner.run(SuiteRunner.java:336)
        at org.testng.SuiteRunnerWorker.runSuite(SuiteRunnerWorker.java:52)
        at org.testng.SuiteRunnerWorker.run(SuiteRunnerWorker.java:95)
        at org.testng.TestNG.runSuitesSequentially(TestNG.java:1280)
        at org.testng.TestNG.runSuitesLocally(TestNG.java:1200)
        at org.testng.TestNG.runSuites(TestNG.java:1114)
        at org.testng.TestNG.run(TestNG.java:1082)
        at org.apache.maven.surefire.testng.TestNGExecutor.run(TestNGExecutor.java:155)
        at org.apache.maven.surefire.testng.TestNGDirectoryTestSuite.executeMulti(TestNGDirectoryTestSuite.java:169)
        at org.apache.maven.surefire.testng.TestNGDirectoryTestSuite.execute(TestNGDirectoryTestSuite.java:88)
        at org.apache.maven.surefire.testng.TestNGProvider.invoke(TestNGProvider.java:137)
        at org.apache.maven.surefire.booter.ForkedBooter.runSuitesInProcess(ForkedBooter.java:385)
        at org.apache.maven.surefire.booter.ForkedBooter.execute(ForkedBooter.java:162)
        at org.apache.maven.surefire.booter.ForkedBooter.run(ForkedBooter.java:507)
        at org.apache.maven.surefire.booter.ForkedBooter.main(ForkedBooter.java:495)

[ERROR] lesson_9.CatalogTest.addProductsToCart -- Time elapsed: 20.03 s <<< FAILURE!
org.openqa.selenium.NoSuchElementException:
no such element: Unable to locate element: {"method":"css selector","selector":".app_logo"}
  (Session info: chrome=120.0.6099.109)
For documentation on this error, please visit: https://www.selenium.dev/documentation/webdriver/troubleshooting/errors#no-such-element-exception
Build info: version: '4.15.0', revision: '1d14b5521b'
System info: os.name: 'Mac OS X', os.arch: 'x86_64', os.version: '14.1.2', java.version: '21.0.1'
Driver info: org.openqa.selenium.chrome.ChromeDriver
Command: [a81f34ffd23d1df0bc066f42b5e31812, findElement {using=class name, value=app_logo}]
Capabilities {acceptInsecureCerts: false, browserName: chrome, browserVersion: 120.0.6099.109, chrome: {chromedriverVersion: 120.0.6099.109 (3419140ab66..., userDataDir: /var/folders/nr/_hysfrz15p1...}, fedcm:accounts: true, goog:chromeOptions: {debuggerAddress: localhost:60766}, networkConnectionEnabled: false, pageLoadStrategy: normal, platformName: mac, proxy: Proxy(), se:cdp: ws://localhost:60766/devtoo..., se:cdpVersion: 120.0.6099.109, setWindowRect: true, strictFileInteractability: false, timeouts: {implicit: 0, pageLoad: 300000, script: 30000}, unhandledPromptBehavior: dismiss and notify, webauthn:extension:credBlob: true, webauthn:extension:largeBlob: true, webauthn:extension:minPinLength: true, webauthn:extension:prf: true, webauthn:virtualAuthenticators: true}
Session ID: a81f34ffd23d1df0bc066f42b5e31812
        at java.base/jdk.internal.reflect.DirectConstructorHandleAccessor.newInstance(DirectConstructorHandleAccessor.java:62)
        at java.base/java.lang.reflect.Constructor.newInstanceWithCaller(Constructor.java:502)
        at java.base/java.lang.reflect.Constructor.newInstance(Constructor.java:486)
        at org.openqa.selenium.remote.codec.w3c.W3CHttpResponseCodec.createException(W3CHttpResponseCodec.java:200)
        at org.openqa.selenium.remote.codec.w3c.W3CHttpResponseCodec.decode(W3CHttpResponseCodec.java:133)
        at org.openqa.selenium.remote.codec.w3c.W3CHttpResponseCodec.decode(W3CHttpResponseCodec.java:52)
        at org.openqa.selenium.remote.HttpCommandExecutor.execute(HttpCommandExecutor.java:191)
        at org.openqa.selenium.remote.service.DriverCommandExecutor.invokeExecute(DriverCommandExecutor.java:200)
        at org.openqa.selenium.remote.service.DriverCommandExecutor.execute(DriverCommandExecutor.java:175)
        at org.openqa.selenium.remote.RemoteWebDriver.execute(RemoteWebDriver.java:607)
        at org.openqa.selenium.remote.ElementLocation$ElementFinder$2.findElement(ElementLocation.java:165)
        at org.openqa.selenium.remote.ElementLocation.findElement(ElementLocation.java:59)
        at org.openqa.selenium.remote.RemoteWebDriver.findElement(RemoteWebDriver.java:364)
        at org.openqa.selenium.remote.RemoteWebDriver.findElement(RemoteWebDriver.java:358)
        at projects.saucedemo.pages.ProductPage.verifyPage(ProductPage.java:18)
        at lesson_9.CatalogTest.addProductsToCart(CatalogTest.java:25)
        at java.base/jdk.internal.reflect.DirectMethodHandleAccessor.invoke(DirectMethodHandleAccessor.java:103)
        at java.base/java.lang.reflect.Method.invoke(Method.java:580)
        at org.testng.internal.invokers.MethodInvocationHelper.invokeMethod(MethodInvocationHelper.java:139)
        at org.testng.internal.invokers.TestInvoker.invokeMethod(TestInvoker.java:664)
        at org.testng.internal.invokers.TestInvoker.invokeTestMethod(TestInvoker.java:227)
        at org.testng.internal.invokers.MethodRunner.runInSequence(MethodRunner.java:50)
        at org.testng.internal.invokers.TestInvoker$MethodInvocationAgent.invoke(TestInvoker.java:957)
        at org.testng.internal.invokers.TestInvoker.invokeTestMethods(TestInvoker.java:200)
        at org.testng.internal.invokers.TestMethodWorker.invokeTestMethods(TestMethodWorker.java:148)
        at org.testng.internal.invokers.TestMethodWorker.run(TestMethodWorker.java:128)
        at java.base/java.util.ArrayList.forEach(ArrayList.java:1596)
        at org.testng.TestRunner.privateRun(TestRunner.java:848)
        at org.testng.TestRunner.run(TestRunner.java:621)
        at org.testng.SuiteRunner.runTest(SuiteRunner.java:443)
        at org.testng.SuiteRunner.runSequentially(SuiteRunner.java:437)
        at org.testng.SuiteRunner.privateRun(SuiteRunner.java:397)
        at org.testng.SuiteRunner.run(SuiteRunner.java:336)
        at org.testng.SuiteRunnerWorker.runSuite(SuiteRunnerWorker.java:52)
        at org.testng.SuiteRunnerWorker.run(SuiteRunnerWorker.java:95)
        at org.testng.TestNG.runSuitesSequentially(TestNG.java:1280)
        at org.testng.TestNG.runSuitesLocally(TestNG.java:1200)
        at org.testng.TestNG.runSuites(TestNG.java:1114)
        at org.testng.TestNG.run(TestNG.java:1082)
        at org.apache.maven.surefire.testng.TestNGExecutor.run(TestNGExecutor.java:155)
        at org.apache.maven.surefire.testng.TestNGDirectoryTestSuite.executeMulti(TestNGDirectoryTestSuite.java:169)
        at org.apache.maven.surefire.testng.TestNGDirectoryTestSuite.execute(TestNGDirectoryTestSuite.java:88)
        at org.apache.maven.surefire.testng.TestNGProvider.invoke(TestNGProvider.java:137)
        at org.apache.maven.surefire.booter.ForkedBooter.runSuitesInProcess(ForkedBooter.java:385)
        at org.apache.maven.surefire.booter.ForkedBooter.execute(ForkedBooter.java:162)
        at org.apache.maven.surefire.booter.ForkedBooter.run(ForkedBooter.java:507)
        at org.apache.maven.surefire.booter.ForkedBooter.main(ForkedBooter.java:495)

[ERROR] lesson_9.CatalogTest.addProductsInCardByName[Backpack](1) -- Time elapsed: 21.02 s <<< FAILURE!
org.openqa.selenium.NoSuchElementException:
no such element: Unable to locate element: {"method":"xpath","selector":"//div[contains(text(),'Backpack')]//ancestor::div[@class='inventory_item_description']/descendant::button"}
  (Session info: chrome=120.0.6099.109)
For documentation on this error, please visit: https://www.selenium.dev/documentation/webdriver/troubleshooting/errors#no-such-element-exception
Build info: version: '4.15.0', revision: '1d14b5521b'
System info: os.name: 'Mac OS X', os.arch: 'x86_64', os.version: '14.1.2', java.version: '21.0.1'
Driver info: org.openqa.selenium.chrome.ChromeDriver
Command: [a81f34ffd23d1df0bc066f42b5e31812, findElement {using=xpath, value=//div[contains(text(),'Backpack')]//ancestor::div[@class='inventory_item_description']/descendant::button}]
Capabilities {acceptInsecureCerts: false, browserName: chrome, browserVersion: 120.0.6099.109, chrome: {chromedriverVersion: 120.0.6099.109 (3419140ab66..., userDataDir: /var/folders/nr/_hysfrz15p1...}, fedcm:accounts: true, goog:chromeOptions: {debuggerAddress: localhost:60766}, networkConnectionEnabled: false, pageLoadStrategy: normal, platformName: mac, proxy: Proxy(), se:cdp: ws://localhost:60766/devtoo..., se:cdpVersion: 120.0.6099.109, setWindowRect: true, strictFileInteractability: false, timeouts: {implicit: 0, pageLoad: 300000, script: 30000}, unhandledPromptBehavior: dismiss and notify, webauthn:extension:credBlob: true, webauthn:extension:largeBlob: true, webauthn:extension:minPinLength: true, webauthn:extension:prf: true, webauthn:virtualAuthenticators: true}
Session ID: a81f34ffd23d1df0bc066f42b5e31812
        at java.base/jdk.internal.reflect.DirectConstructorHandleAccessor.newInstance(DirectConstructorHandleAccessor.java:62)
        at java.base/java.lang.reflect.Constructor.newInstanceWithCaller(Constructor.java:502)
        at java.base/java.lang.reflect.Constructor.newInstance(Constructor.java:486)
        at org.openqa.selenium.remote.codec.w3c.W3CHttpResponseCodec.createException(W3CHttpResponseCodec.java:200)
        at org.openqa.selenium.remote.codec.w3c.W3CHttpResponseCodec.decode(W3CHttpResponseCodec.java:133)
        at org.openqa.selenium.remote.codec.w3c.W3CHttpResponseCodec.decode(W3CHttpResponseCodec.java:52)
        at org.openqa.selenium.remote.HttpCommandExecutor.execute(HttpCommandExecutor.java:191)
        at org.openqa.selenium.remote.service.DriverCommandExecutor.invokeExecute(DriverCommandExecutor.java:200)
        at org.openqa.selenium.remote.service.DriverCommandExecutor.execute(DriverCommandExecutor.java:175)
        at org.openqa.selenium.remote.RemoteWebDriver.execute(RemoteWebDriver.java:607)
        at org.openqa.selenium.remote.ElementLocation$ElementFinder$2.findElement(ElementLocation.java:165)
        at org.openqa.selenium.remote.ElementLocation.findElement(ElementLocation.java:59)
        at org.openqa.selenium.remote.RemoteWebDriver.findElement(RemoteWebDriver.java:364)
        at org.openqa.selenium.remote.RemoteWebDriver.findElement(RemoteWebDriver.java:358)
        at projects.saucedemo.pages.ProductPage.clickOnItemByName(ProductPage.java:43)
        at lesson_9.CatalogTest.addProductsInCardByName(CatalogTest.java:48)
        at java.base/jdk.internal.reflect.DirectMethodHandleAccessor.invoke(DirectMethodHandleAccessor.java:103)
        at java.base/java.lang.reflect.Method.invoke(Method.java:580)
        at org.testng.internal.invokers.MethodInvocationHelper.invokeMethod(MethodInvocationHelper.java:139)
        at org.testng.internal.invokers.TestInvoker.invokeMethod(TestInvoker.java:664)
        at org.testng.internal.invokers.TestInvoker.invokeTestMethod(TestInvoker.java:227)
        at org.testng.internal.invokers.MethodRunner.runInSequence(MethodRunner.java:50)
        at org.testng.internal.invokers.TestInvoker$MethodInvocationAgent.invoke(TestInvoker.java:957)
        at org.testng.internal.invokers.TestInvoker.invokeTestMethods(TestInvoker.java:200)
        at org.testng.internal.invokers.TestMethodWorker.invokeTestMethods(TestMethodWorker.java:148)
        at org.testng.internal.invokers.TestMethodWorker.run(TestMethodWorker.java:128)
        at java.base/java.util.ArrayList.forEach(ArrayList.java:1596)
        at org.testng.TestRunner.privateRun(TestRunner.java:848)
        at org.testng.TestRunner.run(TestRunner.java:621)
        at org.testng.SuiteRunner.runTest(SuiteRunner.java:443)
        at org.testng.SuiteRunner.runSequentially(SuiteRunner.java:437)
        at org.testng.SuiteRunner.privateRun(SuiteRunner.java:397)
        at org.testng.SuiteRunner.run(SuiteRunner.java:336)
        at org.testng.SuiteRunnerWorker.runSuite(SuiteRunnerWorker.java:52)
        at org.testng.SuiteRunnerWorker.run(SuiteRunnerWorker.java:95)
        at org.testng.TestNG.runSuitesSequentially(TestNG.java:1280)
        at org.testng.TestNG.runSuitesLocally(TestNG.java:1200)
        at org.testng.TestNG.runSuites(TestNG.java:1114)
        at org.testng.TestNG.run(TestNG.java:1082)
        at org.apache.maven.surefire.testng.TestNGExecutor.run(TestNGExecutor.java:155)
        at org.apache.maven.surefire.testng.TestNGDirectoryTestSuite.executeMulti(TestNGDirectoryTestSuite.java:169)
        at org.apache.maven.surefire.testng.TestNGDirectoryTestSuite.execute(TestNGDirectoryTestSuite.java:88)
        at org.apache.maven.surefire.testng.TestNGProvider.invoke(TestNGProvider.java:137)
        at org.apache.maven.surefire.booter.ForkedBooter.runSuitesInProcess(ForkedBooter.java:385)
        at org.apache.maven.surefire.booter.ForkedBooter.execute(ForkedBooter.java:162)
        at org.apache.maven.surefire.booter.ForkedBooter.run(ForkedBooter.java:507)
        at org.apache.maven.surefire.booter.ForkedBooter.main(ForkedBooter.java:495)

[ERROR] lesson_9.CatalogTest.addProductsInCardByName[Bike Light](2) -- Time elapsed: 20.73 s <<< FAILURE!
org.openqa.selenium.NoSuchElementException:
no such element: Unable to locate element: {"method":"xpath","selector":"//div[contains(text(),'Bike Light')]//ancestor::div[@class='inventory_item_description']/descendant::button"}
  (Session info: chrome=120.0.6099.109)
For documentation on this error, please visit: https://www.selenium.dev/documentation/webdriver/troubleshooting/errors#no-such-element-exception
Build info: version: '4.15.0', revision: '1d14b5521b'
System info: os.name: 'Mac OS X', os.arch: 'x86_64', os.version: '14.1.2', java.version: '21.0.1'
Driver info: org.openqa.selenium.chrome.ChromeDriver
Command: [a81f34ffd23d1df0bc066f42b5e31812, findElement {using=xpath, value=//div[contains(text(),'Bike Light')]//ancestor::div[@class='inventory_item_description']/descendant::button}]
Capabilities {acceptInsecureCerts: false, browserName: chrome, browserVersion: 120.0.6099.109, chrome: {chromedriverVersion: 120.0.6099.109 (3419140ab66..., userDataDir: /var/folders/nr/_hysfrz15p1...}, fedcm:accounts: true, goog:chromeOptions: {debuggerAddress: localhost:60766}, networkConnectionEnabled: false, pageLoadStrategy: normal, platformName: mac, proxy: Proxy(), se:cdp: ws://localhost:60766/devtoo..., se:cdpVersion: 120.0.6099.109, setWindowRect: true, strictFileInteractability: false, timeouts: {implicit: 0, pageLoad: 300000, script: 30000}, unhandledPromptBehavior: dismiss and notify, webauthn:extension:credBlob: true, webauthn:extension:largeBlob: true, webauthn:extension:minPinLength: true, webauthn:extension:prf: true, webauthn:virtualAuthenticators: true}
Session ID: a81f34ffd23d1df0bc066f42b5e31812
        at java.base/jdk.internal.reflect.DirectConstructorHandleAccessor.newInstance(DirectConstructorHandleAccessor.java:62)
        at java.base/java.lang.reflect.Constructor.newInstanceWithCaller(Constructor.java:502)
        at java.base/java.lang.reflect.Constructor.newInstance(Constructor.java:486)
        at org.openqa.selenium.remote.codec.w3c.W3CHttpResponseCodec.createException(W3CHttpResponseCodec.java:200)
        at org.openqa.selenium.remote.codec.w3c.W3CHttpResponseCodec.decode(W3CHttpResponseCodec.java:133)
        at org.openqa.selenium.remote.codec.w3c.W3CHttpResponseCodec.decode(W3CHttpResponseCodec.java:52)
        at org.openqa.selenium.remote.HttpCommandExecutor.execute(HttpCommandExecutor.java:191)
        at org.openqa.selenium.remote.service.DriverCommandExecutor.invokeExecute(DriverCommandExecutor.java:200)
        at org.openqa.selenium.remote.service.DriverCommandExecutor.execute(DriverCommandExecutor.java:175)
        at org.openqa.selenium.remote.RemoteWebDriver.execute(RemoteWebDriver.java:607)
        at org.openqa.selenium.remote.ElementLocation$ElementFinder$2.findElement(ElementLocation.java:165)
        at org.openqa.selenium.remote.ElementLocation.findElement(ElementLocation.java:59)
        at org.openqa.selenium.remote.RemoteWebDriver.findElement(RemoteWebDriver.java:364)
        at org.openqa.selenium.remote.RemoteWebDriver.findElement(RemoteWebDriver.java:358)
        at projects.saucedemo.pages.ProductPage.clickOnItemByName(ProductPage.java:43)
        at lesson_9.CatalogTest.addProductsInCardByName(CatalogTest.java:48)
        at java.base/jdk.internal.reflect.DirectMethodHandleAccessor.invoke(DirectMethodHandleAccessor.java:103)
        at java.base/java.lang.reflect.Method.invoke(Method.java:580)
        at org.testng.internal.invokers.MethodInvocationHelper.invokeMethod(MethodInvocationHelper.java:139)
        at org.testng.internal.invokers.TestInvoker.invokeMethod(TestInvoker.java:664)
        at org.testng.internal.invokers.TestInvoker.invokeTestMethod(TestInvoker.java:227)
        at org.testng.internal.invokers.MethodRunner.runInSequence(MethodRunner.java:50)
        at org.testng.internal.invokers.TestInvoker$MethodInvocationAgent.invoke(TestInvoker.java:957)
        at org.testng.internal.invokers.TestInvoker.invokeTestMethods(TestInvoker.java:200)
        at org.testng.internal.invokers.TestMethodWorker.invokeTestMethods(TestMethodWorker.java:148)
        at org.testng.internal.invokers.TestMethodWorker.run(TestMethodWorker.java:128)
        at java.base/java.util.ArrayList.forEach(ArrayList.java:1596)
        at org.testng.TestRunner.privateRun(TestRunner.java:848)
        at org.testng.TestRunner.run(TestRunner.java:621)
        at org.testng.SuiteRunner.runTest(SuiteRunner.java:443)
        at org.testng.SuiteRunner.runSequentially(SuiteRunner.java:437)
        at org.testng.SuiteRunner.privateRun(SuiteRunner.java:397)
        at org.testng.SuiteRunner.run(SuiteRunner.java:336)
        at org.testng.SuiteRunnerWorker.runSuite(SuiteRunnerWorker.java:52)
        at org.testng.SuiteRunnerWorker.run(SuiteRunnerWorker.java:95)
        at org.testng.TestNG.runSuitesSequentially(TestNG.java:1280)
        at org.testng.TestNG.runSuitesLocally(TestNG.java:1200)
        at org.testng.TestNG.runSuites(TestNG.java:1114)
        at org.testng.TestNG.run(TestNG.java:1082)
        at org.apache.maven.surefire.testng.TestNGExecutor.run(TestNGExecutor.java:155)
        at org.apache.maven.surefire.testng.TestNGDirectoryTestSuite.executeMulti(TestNGDirectoryTestSuite.java:169)
        at org.apache.maven.surefire.testng.TestNGDirectoryTestSuite.execute(TestNGDirectoryTestSuite.java:88)
        at org.apache.maven.surefire.testng.TestNGProvider.invoke(TestNGProvider.java:137)
        at org.apache.maven.surefire.booter.ForkedBooter.runSuitesInProcess(ForkedBooter.java:385)
        at org.apache.maven.surefire.booter.ForkedBooter.execute(ForkedBooter.java:162)
        at org.apache.maven.surefire.booter.ForkedBooter.run(ForkedBooter.java:507)
        at org.apache.maven.surefire.booter.ForkedBooter.main(ForkedBooter.java:495)

[ERROR] lesson_9.CatalogTest.addProductsInCardByName[Bolt T-Shirt](3) -- Time elapsed: 20.57 s <<< FAILURE!
org.openqa.selenium.NoSuchElementException:
no such element: Unable to locate element: {"method":"xpath","selector":"//div[contains(text(),'Bolt T-Shirt')]//ancestor::div[@class='inventory_item_description']/descendant::button"}
  (Session info: chrome=120.0.6099.109)
For documentation on this error, please visit: https://www.selenium.dev/documentation/webdriver/troubleshooting/errors#no-such-element-exception
Build info: version: '4.15.0', revision: '1d14b5521b'
System info: os.name: 'Mac OS X', os.arch: 'x86_64', os.version: '14.1.2', java.version: '21.0.1'
Driver info: org.openqa.selenium.chrome.ChromeDriver
Command: [a81f34ffd23d1df0bc066f42b5e31812, findElement {using=xpath, value=//div[contains(text(),'Bolt T-Shirt')]//ancestor::div[@class='inventory_item_description']/descendant::button}]
Capabilities {acceptInsecureCerts: false, browserName: chrome, browserVersion: 120.0.6099.109, chrome: {chromedriverVersion: 120.0.6099.109 (3419140ab66..., userDataDir: /var/folders/nr/_hysfrz15p1...}, fedcm:accounts: true, goog:chromeOptions: {debuggerAddress: localhost:60766}, networkConnectionEnabled: false, pageLoadStrategy: normal, platformName: mac, proxy: Proxy(), se:cdp: ws://localhost:60766/devtoo..., se:cdpVersion: 120.0.6099.109, setWindowRect: true, strictFileInteractability: false, timeouts: {implicit: 0, pageLoad: 300000, script: 30000}, unhandledPromptBehavior: dismiss and notify, webauthn:extension:credBlob: true, webauthn:extension:largeBlob: true, webauthn:extension:minPinLength: true, webauthn:extension:prf: true, webauthn:virtualAuthenticators: true}
Session ID: a81f34ffd23d1df0bc066f42b5e31812
        at java.base/jdk.internal.reflect.DirectConstructorHandleAccessor.newInstance(DirectConstructorHandleAccessor.java:62)
        at java.base/java.lang.reflect.Constructor.newInstanceWithCaller(Constructor.java:502)
        at java.base/java.lang.reflect.Constructor.newInstance(Constructor.java:486)
        at org.openqa.selenium.remote.codec.w3c.W3CHttpResponseCodec.createException(W3CHttpResponseCodec.java:200)
        at org.openqa.selenium.remote.codec.w3c.W3CHttpResponseCodec.decode(W3CHttpResponseCodec.java:133)
        at org.openqa.selenium.remote.codec.w3c.W3CHttpResponseCodec.decode(W3CHttpResponseCodec.java:52)
        at org.openqa.selenium.remote.HttpCommandExecutor.execute(HttpCommandExecutor.java:191)
        at org.openqa.selenium.remote.service.DriverCommandExecutor.invokeExecute(DriverCommandExecutor.java:200)
        at org.openqa.selenium.remote.service.DriverCommandExecutor.execute(DriverCommandExecutor.java:175)
        at org.openqa.selenium.remote.RemoteWebDriver.execute(RemoteWebDriver.java:607)
        at org.openqa.selenium.remote.ElementLocation$ElementFinder$2.findElement(ElementLocation.java:165)
        at org.openqa.selenium.remote.ElementLocation.findElement(ElementLocation.java:59)
        at org.openqa.selenium.remote.RemoteWebDriver.findElement(RemoteWebDriver.java:364)
        at org.openqa.selenium.remote.RemoteWebDriver.findElement(RemoteWebDriver.java:358)
        at projects.saucedemo.pages.ProductPage.clickOnItemByName(ProductPage.java:43)
        at lesson_9.CatalogTest.addProductsInCardByName(CatalogTest.java:48)
        at java.base/jdk.internal.reflect.DirectMethodHandleAccessor.invoke(DirectMethodHandleAccessor.java:103)
        at java.base/java.lang.reflect.Method.invoke(Method.java:580)
        at org.testng.internal.invokers.MethodInvocationHelper.invokeMethod(MethodInvocationHelper.java:139)
        at org.testng.internal.invokers.TestInvoker.invokeMethod(TestInvoker.java:664)
        at org.testng.internal.invokers.TestInvoker.invokeTestMethod(TestInvoker.java:227)
        at org.testng.internal.invokers.MethodRunner.runInSequence(MethodRunner.java:50)
        at org.testng.internal.invokers.TestInvoker$MethodInvocationAgent.invoke(TestInvoker.java:957)
        at org.testng.internal.invokers.TestInvoker.invokeTestMethods(TestInvoker.java:200)
        at org.testng.internal.invokers.TestMethodWorker.invokeTestMethods(TestMethodWorker.java:148)
        at org.testng.internal.invokers.TestMethodWorker.run(TestMethodWorker.java:128)
        at java.base/java.util.ArrayList.forEach(ArrayList.java:1596)
        at org.testng.TestRunner.privateRun(TestRunner.java:848)
        at org.testng.TestRunner.run(TestRunner.java:621)
        at org.testng.SuiteRunner.runTest(SuiteRunner.java:443)
        at org.testng.SuiteRunner.runSequentially(SuiteRunner.java:437)
        at org.testng.SuiteRunner.privateRun(SuiteRunner.java:397)
        at org.testng.SuiteRunner.run(SuiteRunner.java:336)
        at org.testng.SuiteRunnerWorker.runSuite(SuiteRunnerWorker.java:52)
        at org.testng.SuiteRunnerWorker.run(SuiteRunnerWorker.java:95)
        at org.testng.TestNG.runSuitesSequentially(TestNG.java:1280)
        at org.testng.TestNG.runSuitesLocally(TestNG.java:1200)
        at org.testng.TestNG.runSuites(TestNG.java:1114)
        at org.testng.TestNG.run(TestNG.java:1082)
        at org.apache.maven.surefire.testng.TestNGExecutor.run(TestNGExecutor.java:155)
        at org.apache.maven.surefire.testng.TestNGDirectoryTestSuite.executeMulti(TestNGDirectoryTestSuite.java:169)
        at org.apache.maven.surefire.testng.TestNGDirectoryTestSuite.execute(TestNGDirectoryTestSuite.java:88)
        at org.apache.maven.surefire.testng.TestNGProvider.invoke(TestNGProvider.java:137)
        at org.apache.maven.surefire.booter.ForkedBooter.runSuitesInProcess(ForkedBooter.java:385)
        at org.apache.maven.surefire.booter.ForkedBooter.execute(ForkedBooter.java:162)
        at org.apache.maven.surefire.booter.ForkedBooter.run(ForkedBooter.java:507)
        at org.apache.maven.surefire.booter.ForkedBooter.main(ForkedBooter.java:495)

[ERROR] lesson_4.GoogleTest.emptySearch -- Time elapsed: 27.59 s <<< FAILURE!
org.openqa.selenium.WebDriverException:
disconnected: unable to send message to renderer
  (failed to check if window was closed: disconnected: not connected to DevTools)
  (Session info: chrome=120.0.6099.109)
Build info: version: '4.15.0', revision: '1d14b5521b'
System info: os.name: 'Mac OS X', os.arch: 'x86_64', os.version: '14.1.2', java.version: '21.0.1'
Driver info: org.openqa.selenium.chrome.ChromeDriver
Command: [132d00303e06dd3a89a031814b6c71ad, findElement {using=css selector, value=.card-section}]
Capabilities {acceptInsecureCerts: false, browserName: chrome, browserVersion: 120.0.6099.109, chrome: {chromedriverVersion: 120.0.6099.109 (3419140ab66..., userDataDir: /var/folders/nr/_hysfrz15p1...}, fedcm:accounts: true, goog:chromeOptions: {debuggerAddress: localhost:60733}, networkConnectionEnabled: false, pageLoadStrategy: normal, platformName: mac, proxy: Proxy(), se:cdp: ws://localhost:60733/devtoo..., se:cdpVersion: 120.0.6099.109, setWindowRect: true, strictFileInteractability: false, timeouts: {implicit: 0, pageLoad: 300000, script: 30000}, unhandledPromptBehavior: dismiss and notify, webauthn:extension:credBlob: true, webauthn:extension:largeBlob: true, webauthn:extension:minPinLength: true, webauthn:extension:prf: true, webauthn:virtualAuthenticators: true}
Session ID: 132d00303e06dd3a89a031814b6c71ad
        at java.base/jdk.internal.reflect.DirectConstructorHandleAccessor.newInstance(DirectConstructorHandleAccessor.java:62)
        at java.base/java.lang.reflect.Constructor.newInstanceWithCaller(Constructor.java:502)
        at java.base/java.lang.reflect.Constructor.newInstance(Constructor.java:486)
        at org.openqa.selenium.remote.codec.w3c.W3CHttpResponseCodec.createException(W3CHttpResponseCodec.java:200)
        at org.openqa.selenium.remote.codec.w3c.W3CHttpResponseCodec.decode(W3CHttpResponseCodec.java:133)
        at org.openqa.selenium.remote.codec.w3c.W3CHttpResponseCodec.decode(W3CHttpResponseCodec.java:52)
        at org.openqa.selenium.remote.HttpCommandExecutor.execute(HttpCommandExecutor.java:191)
        at org.openqa.selenium.remote.service.DriverCommandExecutor.invokeExecute(DriverCommandExecutor.java:200)
        at org.openqa.selenium.remote.service.DriverCommandExecutor.execute(DriverCommandExecutor.java:175)
        at org.openqa.selenium.remote.RemoteWebDriver.execute(RemoteWebDriver.java:607)
        at org.openqa.selenium.remote.ElementLocation$ElementFinder$2.findElement(ElementLocation.java:165)
        at org.openqa.selenium.remote.ElementLocation.findElement(ElementLocation.java:59)
        at org.openqa.selenium.remote.RemoteWebDriver.findElement(RemoteWebDriver.java:364)
        at org.openqa.selenium.remote.RemoteWebDriver.findElement(RemoteWebDriver.java:358)
        at lesson_4.GoogleTest.emptySearch(GoogleTest.java:57)
        at java.base/jdk.internal.reflect.DirectMethodHandleAccessor.invoke(DirectMethodHandleAccessor.java:103)
        at java.base/java.lang.reflect.Method.invoke(Method.java:580)
        at org.testng.internal.invokers.MethodInvocationHelper.invokeMethod(MethodInvocationHelper.java:139)
        at org.testng.internal.invokers.TestInvoker.invokeMethod(TestInvoker.java:664)
        at org.testng.internal.invokers.TestInvoker.invokeTestMethod(TestInvoker.java:227)
        at org.testng.internal.invokers.MethodRunner.runInSequence(MethodRunner.java:50)
        at org.testng.internal.invokers.TestInvoker$MethodInvocationAgent.invoke(TestInvoker.java:957)
        at org.testng.internal.invokers.TestInvoker.invokeTestMethods(TestInvoker.java:200)
        at org.testng.internal.invokers.TestMethodWorker.invokeTestMethods(TestMethodWorker.java:148)
        at org.testng.internal.invokers.TestMethodWorker.run(TestMethodWorker.java:128)
        at java.base/java.util.ArrayList.forEach(ArrayList.java:1596)
        at org.testng.TestRunner.privateRun(TestRunner.java:848)
        at org.testng.TestRunner.run(TestRunner.java:621)
        at org.testng.SuiteRunner.runTest(SuiteRunner.java:443)
        at org.testng.SuiteRunner.runSequentially(SuiteRunner.java:437)
        at org.testng.SuiteRunner.privateRun(SuiteRunner.java:397)
        at org.testng.SuiteRunner.run(SuiteRunner.java:336)
        at org.testng.SuiteRunnerWorker.runSuite(SuiteRunnerWorker.java:52)
        at org.testng.SuiteRunnerWorker.run(SuiteRunnerWorker.java:95)
        at org.testng.TestNG.runSuitesSequentially(TestNG.java:1280)
        at org.testng.TestNG.runSuitesLocally(TestNG.java:1200)
        at org.testng.TestNG.runSuites(TestNG.java:1114)
        at org.testng.TestNG.run(TestNG.java:1082)
        at org.apache.maven.surefire.testng.TestNGExecutor.run(TestNGExecutor.java:155)
        at org.apache.maven.surefire.testng.TestNGDirectoryTestSuite.executeMulti(TestNGDirectoryTestSuite.java:169)
        at org.apache.maven.surefire.testng.TestNGDirectoryTestSuite.execute(TestNGDirectoryTestSuite.java:88)
        at org.apache.maven.surefire.testng.TestNGProvider.invoke(TestNGProvider.java:137)
        at org.apache.maven.surefire.booter.ForkedBooter.runSuitesInProcess(ForkedBooter.java:385)
        at org.apache.maven.surefire.booter.ForkedBooter.execute(ForkedBooter.java:162)
        at org.apache.maven.surefire.booter.ForkedBooter.run(ForkedBooter.java:507)
        at org.apache.maven.surefire.booter.ForkedBooter.main(ForkedBooter.java:495)

[ERROR] lesson_4.GoogleTest.printTextInSearchField -- Time elapsed: 0.011 s <<< FAILURE!
org.openqa.selenium.WebDriverException:
disconnected: not connected to DevTools
  (failed to check if window was closed: disconnected: not connected to DevTools)
  (Session info: chrome=120.0.6099.109)
Build info: version: '4.15.0', revision: '1d14b5521b'
System info: os.name: 'Mac OS X', os.arch: 'x86_64', os.version: '14.1.2', java.version: '21.0.1'
Driver info: org.openqa.selenium.chrome.ChromeDriver
Command: [132d00303e06dd3a89a031814b6c71ad, getCurrentUrl {}]
Capabilities {acceptInsecureCerts: false, browserName: chrome, browserVersion: 120.0.6099.109, chrome: {chromedriverVersion: 120.0.6099.109 (3419140ab66..., userDataDir: /var/folders/nr/_hysfrz15p1...}, fedcm:accounts: true, goog:chromeOptions: {debuggerAddress: localhost:60733}, networkConnectionEnabled: false, pageLoadStrategy: normal, platformName: mac, proxy: Proxy(), se:cdp: ws://localhost:60733/devtoo..., se:cdpVersion: 120.0.6099.109, setWindowRect: true, strictFileInteractability: false, timeouts: {implicit: 0, pageLoad: 300000, script: 30000}, unhandledPromptBehavior: dismiss and notify, webauthn:extension:credBlob: true, webauthn:extension:largeBlob: true, webauthn:extension:minPinLength: true, webauthn:extension:prf: true, webauthn:virtualAuthenticators: true}
Session ID: 132d00303e06dd3a89a031814b6c71ad
        at java.base/jdk.internal.reflect.DirectConstructorHandleAccessor.newInstance(DirectConstructorHandleAccessor.java:62)
        at java.base/java.lang.reflect.Constructor.newInstanceWithCaller(Constructor.java:502)
        at java.base/java.lang.reflect.Constructor.newInstance(Constructor.java:486)
        at org.openqa.selenium.remote.codec.w3c.W3CHttpResponseCodec.createException(W3CHttpResponseCodec.java:200)
        at org.openqa.selenium.remote.codec.w3c.W3CHttpResponseCodec.decode(W3CHttpResponseCodec.java:133)
        at org.openqa.selenium.remote.codec.w3c.W3CHttpResponseCodec.decode(W3CHttpResponseCodec.java:52)
        at org.openqa.selenium.remote.HttpCommandExecutor.execute(HttpCommandExecutor.java:191)
        at org.openqa.selenium.remote.service.DriverCommandExecutor.invokeExecute(DriverCommandExecutor.java:200)
        at org.openqa.selenium.remote.service.DriverCommandExecutor.execute(DriverCommandExecutor.java:175)
        at org.openqa.selenium.remote.RemoteWebDriver.execute(RemoteWebDriver.java:607)
        at org.openqa.selenium.remote.RemoteWebDriver.execute(RemoteWebDriver.java:680)
        at org.openqa.selenium.remote.RemoteWebDriver.execute(RemoteWebDriver.java:684)
        at org.openqa.selenium.remote.RemoteWebDriver.getCurrentUrl(RemoteWebDriver.java:321)
        at lesson_4.GoogleTest.resetUrl(GoogleTest.java:32)
        at lesson_4.GoogleTest.printTextInSearchField(GoogleTest.java:46)
        at java.base/jdk.internal.reflect.DirectMethodHandleAccessor.invoke(DirectMethodHandleAccessor.java:103)
        at java.base/java.lang.reflect.Method.invoke(Method.java:580)
        at org.testng.internal.invokers.MethodInvocationHelper.invokeMethod(MethodInvocationHelper.java:139)
        at org.testng.internal.invokers.TestInvoker.invokeMethod(TestInvoker.java:664)
        at org.testng.internal.invokers.TestInvoker.invokeTestMethod(TestInvoker.java:227)
        at org.testng.internal.invokers.MethodRunner.runInSequence(MethodRunner.java:50)
        at org.testng.internal.invokers.TestInvoker$MethodInvocationAgent.invoke(TestInvoker.java:957)
        at org.testng.internal.invokers.TestInvoker.invokeTestMethods(TestInvoker.java:200)
        at org.testng.internal.invokers.TestMethodWorker.invokeTestMethods(TestMethodWorker.java:148)
        at org.testng.internal.invokers.TestMethodWorker.run(TestMethodWorker.java:128)
        at java.base/java.util.ArrayList.forEach(ArrayList.java:1596)
        at org.testng.TestRunner.privateRun(TestRunner.java:848)
        at org.testng.TestRunner.run(TestRunner.java:621)
        at org.testng.SuiteRunner.runTest(SuiteRunner.java:443)
        at org.testng.SuiteRunner.runSequentially(SuiteRunner.java:437)
        at org.testng.SuiteRunner.privateRun(SuiteRunner.java:397)
        at org.testng.SuiteRunner.run(SuiteRunner.java:336)
        at org.testng.SuiteRunnerWorker.runSuite(SuiteRunnerWorker.java:52)
        at org.testng.SuiteRunnerWorker.run(SuiteRunnerWorker.java:95)
        at org.testng.TestNG.runSuitesSequentially(TestNG.java:1280)
        at org.testng.TestNG.runSuitesLocally(TestNG.java:1200)
        at org.testng.TestNG.runSuites(TestNG.java:1114)
        at org.testng.TestNG.run(TestNG.java:1082)
        at org.apache.maven.surefire.testng.TestNGExecutor.run(TestNGExecutor.java:155)
        at org.apache.maven.surefire.testng.TestNGDirectoryTestSuite.executeMulti(TestNGDirectoryTestSuite.java:169)
        at org.apache.maven.surefire.testng.TestNGDirectoryTestSuite.execute(TestNGDirectoryTestSuite.java:88)
        at org.apache.maven.surefire.testng.TestNGProvider.invoke(TestNGProvider.java:137)
        at org.apache.maven.surefire.booter.ForkedBooter.runSuitesInProcess(ForkedBooter.java:385)
        at org.apache.maven.surefire.booter.ForkedBooter.execute(ForkedBooter.java:162)
        at org.apache.maven.surefire.booter.ForkedBooter.run(ForkedBooter.java:507)
        at org.apache.maven.surefire.booter.ForkedBooter.main(ForkedBooter.java:495)

[INFO]
[INFO] Results:
[INFO]
[ERROR] Failures:
[ERROR]   GoogleTest.emptySearch:57 » WebDriver disconnected: unable to send message to renderer
  (failed to check if window was closed: disconnected: not connected to DevTools)
  (Session info: chrome=120.0.6099.109)
Build info: version: '4.15.0', revision: '1d14b5521b'
System info: os.name: 'Mac OS X', os.arch: 'x86_64', os.version: '14.1.2', java.version: '21.0.1'
Driver info: org.openqa.selenium.chrome.ChromeDriver
Command: [132d00303e06dd3a89a031814b6c71ad, findElement {using=css selector, value=.card-section}]
Capabilities {acceptInsecureCerts: false, browserName: chrome, browserVersion: 120.0.6099.109, chrome: {chromedriverVersion: 120.0.6099.109 (3419140ab66..., userDataDir: /var/folders/nr/_hysfrz15p1...}, fedcm:accounts: true, goog:chromeOptions: {debuggerAddress: localhost:60733}, networkConnectionEnabled: false, pageLoadStrategy: normal, platformName: mac, proxy: Proxy(), se:cdp: ws://localhost:60733/devtoo..., se:cdpVersion: 120.0.6099.109, setWindowRect: true, strictFileInteractability: false, timeouts: {implicit: 0, pageLoad: 300000, script: 30000}, unhandledPromptBehavior: dismiss and notify, webauthn:extension:credBlob: true, webauthn:extension:largeBlob: true, webauthn:extension:minPinLength: true, webauthn:extension:prf: true, webauthn:virtualAuthenticators: true}
Session ID: 132d00303e06dd3a89a031814b6c71ad
[ERROR]   GoogleTest.printTextInSearchField:46->resetUrl:32 » WebDriver disconnected: not connected to DevTools
  (failed to check if window was closed: disconnected: not connected to DevTools)
  (Session info: chrome=120.0.6099.109)
Build info: version: '4.15.0', revision: '1d14b5521b'
System info: os.name: 'Mac OS X', os.arch: 'x86_64', os.version: '14.1.2', java.version: '21.0.1'
Driver info: org.openqa.selenium.chrome.ChromeDriver
Command: [132d00303e06dd3a89a031814b6c71ad, getCurrentUrl {}]
Capabilities {acceptInsecureCerts: false, browserName: chrome, browserVersion: 120.0.6099.109, chrome: {chromedriverVersion: 120.0.6099.109 (3419140ab66..., userDataDir: /var/folders/nr/_hysfrz15p1...}, fedcm:accounts: true, goog:chromeOptions: {debuggerAddress: localhost:60733}, networkConnectionEnabled: false, pageLoadStrategy: normal, platformName: mac, proxy: Proxy(), se:cdp: ws://localhost:60733/devtoo..., se:cdpVersion: 120.0.6099.109, setWindowRect: true, strictFileInteractability: false, timeouts: {implicit: 0, pageLoad: 300000, script: 30000}, unhandledPromptBehavior: dismiss and notify, webauthn:extension:credBlob: true, webauthn:extension:largeBlob: true, webauthn:extension:minPinLength: true, webauthn:extension:prf: true, webauthn:virtualAuthenticators: true}
Session ID: 132d00303e06dd3a89a031814b6c71ad
[ERROR]   CatalogTest.addProductsInCardByName:48 » NoSuchElement no such element: Unable to locate element: {"method":"xpath","selector":"//div[contains(text(),'Backpack')]//ancestor::div[@class='inventory_item_description']/descendant::button"}
  (Session info: chrome=120.0.6099.109)
For documentation on this error, please visit: https://www.selenium.dev/documentation/webdriver/troubleshooting/errors#no-such-element-exception
Build info: version: '4.15.0', revision: '1d14b5521b'
System info: os.name: 'Mac OS X', os.arch: 'x86_64', os.version: '14.1.2', java.version: '21.0.1'
Driver info: org.openqa.selenium.chrome.ChromeDriver
Command: [a81f34ffd23d1df0bc066f42b5e31812, findElement {using=xpath, value=//div[contains(text(),'Backpack')]//ancestor::div[@class='inventory_item_description']/descendant::button}]
Capabilities {acceptInsecureCerts: false, browserName: chrome, browserVersion: 120.0.6099.109, chrome: {chromedriverVersion: 120.0.6099.109 (3419140ab66..., userDataDir: /var/folders/nr/_hysfrz15p1...}, fedcm:accounts: true, goog:chromeOptions: {debuggerAddress: localhost:60766}, networkConnectionEnabled: false, pageLoadStrategy: normal, platformName: mac, proxy: Proxy(), se:cdp: ws://localhost:60766/devtoo..., se:cdpVersion: 120.0.6099.109, setWindowRect: true, strictFileInteractability: false, timeouts: {implicit: 0, pageLoad: 300000, script: 30000}, unhandledPromptBehavior: dismiss and notify, webauthn:extension:credBlob: true, webauthn:extension:largeBlob: true, webauthn:extension:minPinLength: true, webauthn:extension:prf: true, webauthn:virtualAuthenticators: true}
Session ID: a81f34ffd23d1df0bc066f42b5e31812
[ERROR]   CatalogTest.addProductsInCardByName:48 » NoSuchElement no such element: Unable to locate element: {"method":"xpath","selector":"//div[contains(text(),'Bike Light')]//ancestor::div[@class='inventory_item_description']/descendant::button"}
  (Session info: chrome=120.0.6099.109)
For documentation on this error, please visit: https://www.selenium.dev/documentation/webdriver/troubleshooting/errors#no-such-element-exception
Build info: version: '4.15.0', revision: '1d14b5521b'
System info: os.name: 'Mac OS X', os.arch: 'x86_64', os.version: '14.1.2', java.version: '21.0.1'
Driver info: org.openqa.selenium.chrome.ChromeDriver
Command: [a81f34ffd23d1df0bc066f42b5e31812, findElement {using=xpath, value=//div[contains(text(),'Bike Light')]//ancestor::div[@class='inventory_item_description']/descendant::button}]
Capabilities {acceptInsecureCerts: false, browserName: chrome, browserVersion: 120.0.6099.109, chrome: {chromedriverVersion: 120.0.6099.109 (3419140ab66..., userDataDir: /var/folders/nr/_hysfrz15p1...}, fedcm:accounts: true, goog:chromeOptions: {debuggerAddress: localhost:60766}, networkConnectionEnabled: false, pageLoadStrategy: normal, platformName: mac, proxy: Proxy(), se:cdp: ws://localhost:60766/devtoo..., se:cdpVersion: 120.0.6099.109, setWindowRect: true, strictFileInteractability: false, timeouts: {implicit: 0, pageLoad: 300000, script: 30000}, unhandledPromptBehavior: dismiss and notify, webauthn:extension:credBlob: true, webauthn:extension:largeBlob: true, webauthn:extension:minPinLength: true, webauthn:extension:prf: true, webauthn:virtualAuthenticators: true}
Session ID: a81f34ffd23d1df0bc066f42b5e31812
[ERROR]   CatalogTest.addProductsInCardByName:48 » NoSuchElement no such element: Unable to locate element: {"method":"xpath","selector":"//div[contains(text(),'Bolt T-Shirt')]//ancestor::div[@class='inventory_item_description']/descendant::button"}
  (Session info: chrome=120.0.6099.109)
For documentation on this error, please visit: https://www.selenium.dev/documentation/webdriver/troubleshooting/errors#no-such-element-exception
Build info: version: '4.15.0', revision: '1d14b5521b'
System info: os.name: 'Mac OS X', os.arch: 'x86_64', os.version: '14.1.2', java.version: '21.0.1'
Driver info: org.openqa.selenium.chrome.ChromeDriver
Command: [a81f34ffd23d1df0bc066f42b5e31812, findElement {using=xpath, value=//div[contains(text(),'Bolt T-Shirt')]//ancestor::div[@class='inventory_item_description']/descendant::button}]
Capabilities {acceptInsecureCerts: false, browserName: chrome, browserVersion: 120.0.6099.109, chrome: {chromedriverVersion: 120.0.6099.109 (3419140ab66..., userDataDir: /var/folders/nr/_hysfrz15p1...}, fedcm:accounts: true, goog:chromeOptions: {debuggerAddress: localhost:60766}, networkConnectionEnabled: false, pageLoadStrategy: normal, platformName: mac, proxy: Proxy(), se:cdp: ws://localhost:60766/devtoo..., se:cdpVersion: 120.0.6099.109, setWindowRect: true, strictFileInteractability: false, timeouts: {implicit: 0, pageLoad: 300000, script: 30000}, unhandledPromptBehavior: dismiss and notify, webauthn:extension:credBlob: true, webauthn:extension:largeBlob: true, webauthn:extension:minPinLength: true, webauthn:extension:prf: true, webauthn:virtualAuthenticators: true}
Session ID: a81f34ffd23d1df0bc066f42b5e31812
[ERROR] lesson_9.CatalogTest.addProductsToCart
[ERROR]   Run 1: CatalogTest.addProductsToCart:25 » NoSuchElement no such element: Unable to locate element: {"method":"css selector","selector":".app_logo"}
  (Session info: chrome=120.0.6099.109)
For documentation on this error, please visit: https://www.selenium.dev/documentation/webdriver/troubleshooting/errors#no-such-element-exception
Build info: version: '4.15.0', revision: '1d14b5521b'
System info: os.name: 'Mac OS X', os.arch: 'x86_64', os.version: '14.1.2', java.version: '21.0.1'
Driver info: org.openqa.selenium.chrome.ChromeDriver
Command: [a81f34ffd23d1df0bc066f42b5e31812, findElement {using=class name, value=app_logo}]
Capabilities {acceptInsecureCerts: false, browserName: chrome, browserVersion: 120.0.6099.109, chrome: {chromedriverVersion: 120.0.6099.109 (3419140ab66..., userDataDir: /var/folders/nr/_hysfrz15p1...}, fedcm:accounts: true, goog:chromeOptions: {debuggerAddress: localhost:60766}, networkConnectionEnabled: false, pageLoadStrategy: normal, platformName: mac, proxy: Proxy(), se:cdp: ws://localhost:60766/devtoo..., se:cdpVersion: 120.0.6099.109, setWindowRect: true, strictFileInteractability: false, timeouts: {implicit: 0, pageLoad: 300000, script: 30000}, unhandledPromptBehavior: dismiss and notify, webauthn:extension:credBlob: true, webauthn:extension:largeBlob: true, webauthn:extension:minPinLength: true, webauthn:extension:prf: true, webauthn:virtualAuthenticators: true}
Session ID: a81f34ffd23d1df0bc066f42b5e31812
[ERROR]   Run 2: CatalogTest.addProductsToCart:25 » NoSuchElement no such element: Unable to locate element: {"method":"css selector","selector":".app_logo"}
  (Session info: chrome=120.0.6099.109)
For documentation on this error, please visit: https://www.selenium.dev/documentation/webdriver/troubleshooting/errors#no-such-element-exception
Build info: version: '4.15.0', revision: '1d14b5521b'
System info: os.name: 'Mac OS X', os.arch: 'x86_64', os.version: '14.1.2', java.version: '21.0.1'
Driver info: org.openqa.selenium.chrome.ChromeDriver
Command: [a81f34ffd23d1df0bc066f42b5e31812, findElement {using=class name, value=app_logo}]
Capabilities {acceptInsecureCerts: false, browserName: chrome, browserVersion: 120.0.6099.109, chrome: {chromedriverVersion: 120.0.6099.109 (3419140ab66..., userDataDir: /var/folders/nr/_hysfrz15p1...}, fedcm:accounts: true, goog:chromeOptions: {debuggerAddress: localhost:60766}, networkConnectionEnabled: false, pageLoadStrategy: normal, platformName: mac, proxy: Proxy(), se:cdp: ws://localhost:60766/devtoo..., se:cdpVersion: 120.0.6099.109, setWindowRect: true, strictFileInteractability: false, timeouts: {implicit: 0, pageLoad: 300000, script: 30000}, unhandledPromptBehavior: dismiss and notify, webauthn:extension:credBlob: true, webauthn:extension:largeBlob: true, webauthn:extension:minPinLength: true, webauthn:extension:prf: true, webauthn:virtualAuthenticators: true}
Session ID: a81f34ffd23d1df0bc066f42b5e31812
[ERROR]   Run 3: CatalogTest.addProductsToCart:25 » NoSuchElement no such element: Unable to locate element: {"method":"css selector","selector":".app_logo"}
  (Session info: chrome=120.0.6099.109)
For documentation on this error, please visit: https://www.selenium.dev/documentation/webdriver/troubleshooting/errors#no-such-element-exception
Build info: version: '4.15.0', revision: '1d14b5521b'
System info: os.name: 'Mac OS X', os.arch: 'x86_64', os.version: '14.1.2', java.version: '21.0.1'
Driver info: org.openqa.selenium.chrome.ChromeDriver
Command: [a81f34ffd23d1df0bc066f42b5e31812, findElement {using=class name, value=app_logo}]
Capabilities {acceptInsecureCerts: false, browserName: chrome, browserVersion: 120.0.6099.109, chrome: {chromedriverVersion: 120.0.6099.109 (3419140ab66..., userDataDir: /var/folders/nr/_hysfrz15p1...}, fedcm:accounts: true, goog:chromeOptions: {debuggerAddress: localhost:60766}, networkConnectionEnabled: false, pageLoadStrategy: normal, platformName: mac, proxy: Proxy(), se:cdp: ws://localhost:60766/devtoo..., se:cdpVersion: 120.0.6099.109, setWindowRect: true, strictFileInteractability: false, timeouts: {implicit: 0, pageLoad: 300000, script: 30000}, unhandledPromptBehavior: dismiss and notify, webauthn:extension:credBlob: true, webauthn:extension:largeBlob: true, webauthn:extension:minPinLength: true, webauthn:extension:prf: true, webauthn:virtualAuthenticators: true}
Session ID: a81f34ffd23d1df0bc066f42b5e31812
[INFO]
[ERROR]   LoginTest.successfulLogin » TestNG
Parameter 'userName' is required by @Test on method successfulLogin but has not been marked @Optional or defined

[INFO]
[ERROR] Tests run: 30, Failures: 7, Errors: 0, Skipped: 5
[INFO]
[INFO] ------------------------------------------------------------------------
[INFO] BUILD FAILURE
[INFO] ------------------------------------------------------------------------
[INFO] Total time:  04:05 min
[INFO] Finished at: 2023-12-20T18:34:09+02:00
[INFO] ------------------------------------------------------------------------
[ERROR] Failed to execute goal org.apache.maven.plugins:maven-surefire-plugin:3.2.2:test (default-test) on project automation_java: There are test failures.
[ERROR]
[ERROR] Please refer to /Users/nikitamiroskin/projects/Automation_Nikita_Miroshkin/target/surefire-reports for the individual test results.
[ERROR] Please refer to dump files (if any exist) [date].dump, [date]-jvmRun[N].dump and [date].dumpstream.
[ERROR] -> [Help 1]
[ERROR]
[ERROR] To see the full stack trace of the errors, re-run Maven with the -e switch.
[ERROR] Re-run Maven using the -X switch to enable full debug logging.
[ERROR]
[ERROR] For more information about the errors and possible solutions, please read the following articles:
[ERROR] [Help 1] http://cwiki.apache.org/confluence/display/MAVEN/MojoFailureException


















########################################################################################################################

 3. Использовать параметры для запуска конкретных тестов и методов --- mvn clean test -Dtest=lesson_9.LoginTest -DuserName=standard_user -Dpassword=secret_sauce

[INFO] Scanning for projects...
[WARNING]
[WARNING] Some problems were encountered while building the effective model for org.example:automation_java:jar:1.0-SNAPSHOT
[WARNING] 'dependencies.dependency.(groupId:artifactId:type:classifier)' must be unique: org.testng:testng:jar -> duplicate declaration of version 7.8.0 @ line 47, column 21
[WARNING]
[WARNING] It is highly recommended to fix these problems because they threaten the stability of your build.
[WARNING]
[WARNING] For this reason, future Maven versions might no longer support building such malformed projects.
[WARNING]
[INFO]
[INFO] --------------------< org.example:automation_java >---------------------
[INFO] Building automation_java 1.0-SNAPSHOT
[INFO]   from pom.xml
[INFO] --------------------------------[ jar ]---------------------------------
[INFO]
[INFO] --- clean:3.2.0:clean (default-clean) @ automation_java ---
[INFO] Deleting /Users/nikitamiroskin/projects/Automation_Nikita_Miroshkin/target
[INFO]
[INFO] --- resources:3.3.1:resources (default-resources) @ automation_java ---
[INFO] Copying 1 resource from src/main/resources to target/classes
[INFO]
[INFO] --- compiler:3.11.0:compile (default-compile) @ automation_java ---
[INFO] Changes detected - recompiling the module! :source
[INFO] Compiling 18 source files with javac [debug target 11] to target/classes
[WARNING] system modules path not set in conjunction with -source 11
[INFO]
[INFO] --- resources:3.3.1:testResources (default-testResources) @ automation_java ---
[INFO] skip non existing resourceDirectory /Users/nikitamiroskin/projects/Automation_Nikita_Miroshkin/src/test/resources
[INFO]
[INFO] --- compiler:3.11.0:testCompile (default-testCompile) @ automation_java ---
[INFO] Changes detected - recompiling the module! :dependency
[INFO] Compiling 9 source files with javac [debug target 11] to target/test-classes
[WARNING] system modules path not set in conjunction with -source 11
[INFO]
[INFO] --- surefire:3.0.0-M4:test (default-test) @ automation_java ---
[INFO]
[INFO] -------------------------------------------------------
[INFO]  T E S T S
[INFO] -------------------------------------------------------
[INFO] Running lesson_9.LoginTest
дек. 20, 2023 11:09:27 PM org.openqa.selenium.devtools.CdpVersionFinder findNearestMatch
WARNING: Unable to find an exact match for CDP version 120, returning the closest version; found: 119; Please update to a Selenium version that supports CDP version 120
Enter in :: [[ChromeDriver: chrome on mac (7300cdce8fa13993fea2b9128c823838)] -> id: user-name], next values :: [standard_user]
Enter in :: [[ChromeDriver: chrome on mac (7300cdce8fa13993fea2b9128c823838)] -> name: password], next values :: [TestTest]
Click on element :: [[ChromeDriver: chrome on mac (7300cdce8fa13993fea2b9128c823838)] -> css selector: input[value='Login']]
Enter in :: [[ChromeDriver: chrome on mac (7300cdce8fa13993fea2b9128c823838)] -> id: user-name], next values :: [Alex]
Enter in :: [[ChromeDriver: chrome on mac (7300cdce8fa13993fea2b9128c823838)] -> name: password], next values :: [secret_sauce]
Click on element :: [[ChromeDriver: chrome on mac (7300cdce8fa13993fea2b9128c823838)] -> css selector: input[value='Login']]
Enter in :: [[ChromeDriver: chrome on mac (7300cdce8fa13993fea2b9128c823838)] -> id: user-name], next values :: [Bob]
Enter in :: [[ChromeDriver: chrome on mac (7300cdce8fa13993fea2b9128c823838)] -> name: password], next values :: [secret_sauce]
Click on element :: [[ChromeDriver: chrome on mac (7300cdce8fa13993fea2b9128c823838)] -> css selector: input[value='Login']]
Enter in :: [[ChromeDriver: chrome on mac (7300cdce8fa13993fea2b9128c823838)] -> id: user-name], next values :: [John]
Enter in :: [[ChromeDriver: chrome on mac (7300cdce8fa13993fea2b9128c823838)] -> name: password], next values :: [secret_sauce]
Click on element :: [[ChromeDriver: chrome on mac (7300cdce8fa13993fea2b9128c823838)] -> css selector: input[value='Login']]
Enter in :: [[ChromeDriver: chrome on mac (7300cdce8fa13993fea2b9128c823838)] -> id: user-name], next values :: [TestTestTestTestTestTEstTestTestTEstTest]
Enter in :: [[ChromeDriver: chrome on mac (7300cdce8fa13993fea2b9128c823838)] -> name: password], next values :: [secret_sauce]
Click on element :: [[ChromeDriver: chrome on mac (7300cdce8fa13993fea2b9128c823838)] -> css selector: input[value='Login']]
Enter in :: [[ChromeDriver: chrome on mac (7300cdce8fa13993fea2b9128c823838)] -> id: user-name], next values :: [standard_user]
Enter in :: [[ChromeDriver: chrome on mac (7300cdce8fa13993fea2b9128c823838)] -> name: password], next values :: [secret_sauce]
Click on element :: [[ChromeDriver: chrome on mac (7300cdce8fa13993fea2b9128c823838)] -> css selector: input[value='Login']]
[INFO] Tests run: 6, Failures: 0, Errors: 0, Skipped: 0, Time elapsed: 28.542 s - in lesson_9.LoginTest
[INFO]
[INFO] Results:
[INFO]
[INFO] Tests run: 6, Failures: 0, Errors: 0, Skipped: 0
[INFO]
[INFO] ------------------------------------------------------------------------
[INFO] BUILD SUCCESS
[INFO] ------------------------------------------------------------------------
[INFO] Total time:  37.893 s
[INFO] Finished at: 2023-12-20T23:09:46+02:00
[INFO] ------------------------------------------------------------------------










########################################################################################################################

